"../../../Engine/Content/Functions/Engine_MaterialFunctions01/Density/ExponentialDensity.uasset" 0
"../../../Engine/Content/Functions/Engine_MaterialFunctions01/Gradient/RadialGradientExponential.uasset" 1
"C:/GitHub/PeaceofTheAfterlifeProject/Content/Assets/Materials/FaceBlur_M.uasset" 2
"C:/GitHub/PeaceofTheAfterlifeProject/Content/Assets/Particles/FaceBlur_P.uasset" 3
"C:/GitHub/PeaceofTheAfterlifeProject/Content/Assets/FaceBlur_P.uasset" 4
"C:/GitHub/PeaceofTheAfterlifeProject/Content/Assets/Widgets/MainMenu.uasset" 5
"C:/GitHub/PeaceofTheAfterlifeProject/Content/Assets/MainMenu.uasset" 6
"../../../Engine/Content/EngineMaterials/T_Default_Material_Grid_N.uasset" 7
"../../../Engine/Content/EngineMaterials/T_Default_Material_Grid_M.uasset" 8
"../../../Engine/Content/Functions/Engine_MaterialFunctions01/Opacity/CameraDepthFade.uasset" 9
"../../../Engine/Content/EngineMaterials/WorldGridMaterial.uasset" 10
"../../../Engine/Content/BasicShapes/Cube.uasset" 11
"../../../Engine/Content/BasicShapes/BasicShapeMaterial.uasset" 12
"C:/GitHub/PeaceofTheAfterlifeProject/Content/Mannequin/Character/Mesh/UE4_Mannequin_Skeleton.uasset" 13
"C:/GitHub/PeaceofTheAfterlifeProject/Content/Mannequin/Animations/ThirdPersonWalk.uasset" 14
"C:/GitHub/PeaceofTheAfterlifeProject/Content/Mannequin/Animations/ThirdPersonRun.uasset" 15
"C:/GitHub/PeaceofTheAfterlifeProject/Content/Mannequin/Animations/ThirdPersonIdle.uasset" 16
"C:/GitHub/PeaceofTheAfterlifeProject/Content/Mannequin/Animations/ThirdPerson_IdleRun_2D.uasset" 17
"C:/GitHub/PeaceofTheAfterlifeProject/Content/Mannequin/Animations/ThirdPerson_Jump.uasset" 18
"C:/GitHub/PeaceofTheAfterlifeProject/Content/Mannequin/Animations/ThirdPersonJump_Start.uasset" 19
"C:/GitHub/PeaceofTheAfterlifeProject/Content/Mannequin/Animations/ThirdPersonJump_Loop.uasset" 20
"../../../Engine/Content/EditorBlueprintResources/StandardMacros.uasset" 21
"C:/GitHub/PeaceofTheAfterlifeProject/Content/Mannequin/Animations/ThirdPerson_AnimBP.uasset" 22
"C:/GitHub/PeaceofTheAfterlifeProject/Content/Mannequin/Character/Mesh/SK_Mannequin_PhysicsAsset.uasset" 23
"C:/GitHub/PeaceofTheAfterlifeProject/Content/Mannequin/Character/Textures/T_UE4Logo_N.uasset" 24
"C:/GitHub/PeaceofTheAfterlifeProject/Content/Mannequin/Character/Textures/T_UE4Logo_Mask.uasset" 25
"C:/GitHub/PeaceofTheAfterlifeProject/Content/Mannequin/Character/Textures/T_Male_N.uasset" 26
"C:/GitHub/PeaceofTheAfterlifeProject/Content/Mannequin/Character/Textures/T_Male_Mask.uasset" 27
"C:/GitHub/PeaceofTheAfterlifeProject/Content/Mannequin/Character/Materials/MaterialLayers/T_ML_Rubber_Blue_01_N.uasset" 28
"C:/GitHub/PeaceofTheAfterlifeProject/Content/Mannequin/Character/Materials/MaterialLayers/T_ML_Rubber_Blue_01_D.uasset" 29
"C:/GitHub/PeaceofTheAfterlifeProject/Content/Mannequin/Character/Materials/MaterialLayers/T_ML_Aluminum01_N.uasset" 30
"C:/GitHub/PeaceofTheAfterlifeProject/Content/Mannequin/Character/Materials/MaterialLayers/T_ML_Aluminum01.uasset" 31
"C:/GitHub/PeaceofTheAfterlifeProject/Content/Mannequin/Character/Materials/MaterialLayers/ML_SoftMetal_UE4.uasset" 32
"../../../Engine/Content/Functions/MaterialLayerFunctions/MatLayerBlend_Simple.uasset" 33
"../../../Engine/Content/Functions/Engine_MaterialFunctions02/Utility/BlendAngleCorrectedNormals.uasset" 34
"../../../Engine/Content/Functions/MaterialLayerFunctions/MatLayerBlend_NormalBlend.uasset" 35
"C:/GitHub/PeaceofTheAfterlifeProject/Content/Mannequin/Character/Materials/MaterialLayers/ML_Plastic_Shiny_Beige_LOGO.uasset" 36
"C:/GitHub/PeaceofTheAfterlifeProject/Content/Mannequin/Character/Materials/MaterialLayers/ML_Plastic_Shiny_Beige.uasset" 37
"C:/GitHub/PeaceofTheAfterlifeProject/Content/Mannequin/Character/Materials/MaterialLayers/ML_GlossyBlack_Latex_UE4.uasset" 38
"C:/GitHub/PeaceofTheAfterlifeProject/Content/Mannequin/Character/Materials/M_Male_Body.uasset" 39
"C:/GitHub/PeaceofTheAfterlifeProject/Content/Mannequin/Character/Materials/M_UE4Man_ChestLogo.uasset" 40
"C:/GitHub/PeaceofTheAfterlifeProject/Content/Mannequin/Character/Mesh/SK_Mannequin.uasset" 41
"C:/GitHub/PeaceofTheAfterlifeProject/Content/ThirdPersonBP/Blueprints/ThirdPersonCharacterAlternative.uasset" 42
"C:/GitHub/PeaceofTheAfterlifeProject/Content/Assets/Blueprints/Object_BP.uasset" 43
"../../../Engine/Content/BasicShapes/Plane.uasset" 44
"C:/GitHub/PeaceofTheAfterlifeProject/Content/Assets/Materials/unknown.uasset" 45
"C:/GitHub/PeaceofTheAfterlifeProject/Content/Assets/Materials/PictogramText_M.uasset" 46
"C:/GitHub/PeaceofTheAfterlifeProject/Content/Assets/Blueprints/GameInstance/PeaceGame.uasset" 47
"C:/GitHub/PeaceofTheAfterlifeProject/Content/Assets/Blueprints/Spouse_BP.uasset" 48
"C:/GitHub/PeaceofTheAfterlifeProject/Content/Assets/Materials/Archway_aiAmbientOcclusion1_BaseColor.uasset" 49
"C:/GitHub/PeaceofTheAfterlifeProject/Content/Assets/Materials/Archway_aiAmbientOcclusion1_Normal.uasset" 50
"C:/GitHub/PeaceofTheAfterlifeProject/Content/Assets/Materials/Archway_aiAmbientOcclusion1_OcclusionRoughnessMetallic.uasset" 51
"C:/GitHub/PeaceofTheAfterlifeProject/Content/Assets/Meshes/Archway_aiAmbientOcclusion1_BaseColor.uasset" 52
"C:/GitHub/PeaceofTheAfterlifeProject/Content/Assets/Meshes/Archway_aiAmbientOcclusion1_Normal.uasset" 53
"C:/GitHub/PeaceofTheAfterlifeProject/Content/Assets/Meshes/Archway_aiAmbientOcclusion1_OcclusionRoughnessMetallic.uasset" 54
"C:/GitHub/PeaceofTheAfterlifeProject/Content/DynamicGrassLite/Textures/Foliage/Bush2_Color_T.uasset" 55
"C:/GitHub/PeaceofTheAfterlifeProject/Content/DynamicGrassLite/Textures/Misc/WindWaveNormal1_T.uasset" 56
"C:/GitHub/PeaceofTheAfterlifeProject/Content/DynamicGrassLite/Textures/Misc/GrassUnivRoughnessTexture1_T.uasset" 57
"../../../Engine/Content/Functions/Engine_MaterialFunctions02/Utility/MakeFloat3.uasset" 58
"C:/GitHub/PeaceofTheAfterlifeProject/Content/DynamicGrassLite/Materials/Grass/SimpleOptimizedGrassWind.uasset" 59
"C:/GitHub/PeaceofTheAfterlifeProject/Content/DynamicGrassLite/Materials/Grass/SimpleGrassWind_DGS.uasset" 60
"../../../Engine/Content/Functions/Engine_MaterialFunctions02/Utility/MakeFloat2.uasset" 61
"C:/GitHub/PeaceofTheAfterlifeProject/Content/DynamicGrassLite/Textures/Foliage/Grass1_T.uasset" 62
"../../../Engine/Content/EngineMaterials/BlendFunc_DefBlend.uasset" 63
"../../../Engine/Content/EngineMaterials/BlendFunc_DefBase.uasset" 64
"../../../Engine/Content/Functions/Engine_MaterialFunctions03/Blends/Blend_Overlay.uasset" 65
"../../../Engine/Content/Functions/Engine_MaterialFunctions02/Texturing/CustomRotator.uasset" 66
"../../../Engine/Content/Functions/Engine_MaterialFunctions01/SpeedTree/SpeedTreeColorVariation.uasset" 67
"C:/GitHub/PeaceofTheAfterlifeProject/Content/DynamicGrassLite/Textures/Misc/clouds4_T.uasset" 68
"C:/GitHub/PeaceofTheAfterlifeProject/Content/DynamicGrassLite/Materials/Grass/GrassGlobalParams.uasset" 69
"C:/GitHub/PeaceofTheAfterlifeProject/Content/DynamicGrassLite/Materials/Grass/Grass_M.uasset" 70
"C:/GitHub/PeaceofTheAfterlifeProject/Content/DynamicGrassLite/Materials/Grass/Bush2_M_Inst.uasset" 71
"C:/GitHub/PeaceofTheAfterlifeProject/Content/DynamicGrassLite/Meshes/Bush2_SM.uasset" 72
"C:/GitHub/PeaceofTheAfterlifeProject/Content/DynamicGrassLite/Blueprints/InternalLogic/Structs/InstanceData.uasset" 73
"C:/GitHub/PeaceofTheAfterlifeProject/Content/DynamicGrassLite/Blueprints/InternalLogic/InstanceStatus.uasset" 74
"C:/GitHub/PeaceofTheAfterlifeProject/Content/DynamicGrassLite/Textures/Misc/GrassManagerIcon_T.uasset" 75
"C:/GitHub/PeaceofTheAfterlifeProject/Content/DynamicGrassLite/Blueprints/InternalLogic/Structs/FoliageToSpawnInArea.uasset" 76
"C:/GitHub/PeaceofTheAfterlifeProject/Content/DynamicGrassLite/Blueprints/InternalLogic/Structs/FoliageToSpawn_Struct.uasset" 77
"C:/GitHub/PeaceofTheAfterlifeProject/Content/DynamicGrassLite/Meshes/visPillar_1Unit_SM.uasset" 78
"C:/GitHub/PeaceofTheAfterlifeProject/Content/DynamicGrassLite/Materials/Misc/SimpleTranslucent_M.uasset" 79
"C:/GitHub/PeaceofTheAfterlifeProject/Content/DynamicGrassLite/Textures/Foliage/grass2_Color_Desaturated_Var1.uasset" 80
"C:/GitHub/PeaceofTheAfterlifeProject/Content/DynamicGrassLite/Materials/Grass/Grass2_M_Inst.uasset" 81
"C:/GitHub/PeaceofTheAfterlifeProject/Content/DynamicGrassLite/Materials/Grass/Grass_FarLOD_M.uasset" 82
"C:/GitHub/PeaceofTheAfterlifeProject/Content/DynamicGrassLite/Materials/Grass/Grass2_FarLOD_M_Inst.uasset" 83
"C:/GitHub/PeaceofTheAfterlifeProject/Content/DynamicGrassLite/Meshes/grassMesh2_SM.uasset" 84
"C:/GitHub/PeaceofTheAfterlifeProject/Content/DynamicGrassLite/Blueprints/FoliageTypes/Grass2_Component_BP.uasset" 85
"C:/GitHub/PeaceofTheAfterlifeProject/Content/DynamicGrassLite/Blueprints/GrassSpawnAreas/GrassSpawnArea_BP.uasset" 86
"C:/GitHub/PeaceofTheAfterlifeProject/Content/DynamicGrassLite/Blueprints/InteractiveGrassManager_BP.uasset" 87
"C:/GitHub/PeaceofTheAfterlifeProject/Content/DynamicGrassLite/Blueprints/InternalLogic/InteractiveFoliageChunk_BP.uasset" 88
"C:/GitHub/PeaceofTheAfterlifeProject/Content/DynamicGrassLite/Blueprints/InternalLogic/INTERACTIVE_FoliageComp_BP.uasset" 89
"C:/GitHub/PeaceofTheAfterlifeProject/Content/DynamicGrassLite/Blueprints/FoliageTypes/Bush2_Component_BP.uasset" 90
"C:/GitHub/PeaceofTheAfterlifeProject/Content/DynamicGrassLite/Blueprints/FoliageTypes/Bush2_FoliageType.uasset" 91
"C:/GitHub/PeaceofTheAfterlifeProject/Content/DynamicGrassLite/Textures/Foliage/Bush3_Color_T.uasset" 92
"C:/GitHub/PeaceofTheAfterlifeProject/Content/DynamicGrassLite/Materials/Grass/Bush3_M_Inst.uasset" 93
"C:/GitHub/PeaceofTheAfterlifeProject/Content/DynamicGrassLite/Meshes/Bush3_SM.uasset" 94
"C:/GitHub/PeaceofTheAfterlifeProject/Content/DynamicGrassLite/Blueprints/FoliageTypes/Bush3_Component_BP.uasset" 95
"C:/GitHub/PeaceofTheAfterlifeProject/Content/DynamicGrassLite/Blueprints/FoliageTypes/Bush3_FoliageType.uasset" 96
"C:/GitHub/PeaceofTheAfterlifeProject/Content/DynamicGrassLite/Blueprints/GrassSpawnAreas/GrassSpawnArea_6VertPreset_BP.uasset" 97
"C:/GitHub/PeaceofTheAfterlifeProject/Content/DynamicGrassLite/Blueprints/GrassSpawnAreas/GrassSpawnArea_15VertPreset_BP.uasset" 98
"C:/GitHub/PeaceofTheAfterlifeProject/Content/DynamicGrassLite/Blueprints/InternalLogic/FirstPersonBP/Textures/FirstPersonCrosshair.uasset" 99
"C:/GitHub/PeaceofTheAfterlifeProject/Content/DynamicGrassLite/Blueprints/InternalLogic/FirstPersonBP/Blueprints/FirstPersonHUD.uasset" 100
"C:/GitHub/PeaceofTheAfterlifeProject/Content/DynamicGrassLite/Blueprints/InternalLogic/FirstPersonBP/Meshes/SK_Mannequin_Arms_PhysicsAsset.uasset" 101
"C:/GitHub/PeaceofTheAfterlifeProject/Content/DynamicGrassLite/Blueprints/InternalLogic/FirstPersonBP/Textures/UE4_Mannequin_MAT_MASKA.uasset" 102
"C:/GitHub/PeaceofTheAfterlifeProject/Content/DynamicGrassLite/Blueprints/InternalLogic/FirstPersonBP/Textures/UE4_Mannequin__normals.uasset" 103
"C:/GitHub/PeaceofTheAfterlifeProject/Content/DynamicGrassLite/Blueprints/InternalLogic/FirstPersonBP/Materials/T_ML_Aluminum01_N.uasset" 104
"C:/GitHub/PeaceofTheAfterlifeProject/Content/DynamicGrassLite/Blueprints/InternalLogic/FirstPersonBP/Materials/T_ML_Aluminum01.uasset" 105
"C:/GitHub/PeaceofTheAfterlifeProject/Content/DynamicGrassLite/Blueprints/InternalLogic/FirstPersonBP/Materials/ML_SoftMetal_UE4.uasset" 106
"C:/GitHub/PeaceofTheAfterlifeProject/Content/DynamicGrassLite/Blueprints/InternalLogic/FirstPersonBP/Textures/UE4_LOGO_CARD.uasset" 107
"C:/GitHub/PeaceofTheAfterlifeProject/Content/DynamicGrassLite/Blueprints/InternalLogic/FirstPersonBP/Materials/ML_Plastic_Shiny_Beige_LOGO.uasset" 108
"C:/GitHub/PeaceofTheAfterlifeProject/Content/DynamicGrassLite/Blueprints/InternalLogic/FirstPersonBP/Materials/ML_Plastic_Shiny_Beige.uasset" 109
"C:/GitHub/PeaceofTheAfterlifeProject/Content/DynamicGrassLite/Blueprints/InternalLogic/FirstPersonBP/Materials/T_ML_Rubber_Blue_01_N.uasset" 110
"C:/GitHub/PeaceofTheAfterlifeProject/Content/DynamicGrassLite/Blueprints/InternalLogic/FirstPersonBP/Materials/T_ML_Rubber_Blue_01_D.uasset" 111
"C:/GitHub/PeaceofTheAfterlifeProject/Content/DynamicGrassLite/Blueprints/InternalLogic/FirstPersonBP/Materials/ML_GlossyBlack_Latex_UE4.uasset" 112
"C:/GitHub/PeaceofTheAfterlifeProject/Content/DynamicGrassLite/Blueprints/InternalLogic/FirstPersonBP/Materials/M_UE4Man_Body.uasset" 113
"C:/GitHub/PeaceofTheAfterlifeProject/Content/DynamicGrassLite/Blueprints/InternalLogic/FirstPersonBP/Meshes/SK_Mannequin_Arms_Skeleton.uasset" 114
"C:/GitHub/PeaceofTheAfterlifeProject/Content/DynamicGrassLite/Blueprints/InternalLogic/FirstPersonBP/Meshes/SK_Mannequin_Arms.uasset" 115
"C:/GitHub/PeaceofTheAfterlifeProject/Content/DynamicGrassLite/Blueprints/InternalLogic/FirstPersonBP/Meshes/SK_FPGun_Skeleton.uasset" 116
"C:/GitHub/PeaceofTheAfterlifeProject/Content/DynamicGrassLite/Blueprints/InternalLogic/FirstPersonBP/Textures/T_FPGun_N.uasset" 117
"C:/GitHub/PeaceofTheAfterlifeProject/Content/DynamicGrassLite/Blueprints/InternalLogic/FirstPersonBP/Textures/T_FPGun_M.uasset" 118
"C:/GitHub/PeaceofTheAfterlifeProject/Content/DynamicGrassLite/Blueprints/InternalLogic/FirstPersonBP/Materials/ML_Screen.uasset" 119
"C:/GitHub/PeaceofTheAfterlifeProject/Content/DynamicGrassLite/Blueprints/InternalLogic/FirstPersonBP/Materials/M_FPGun.uasset" 120
"C:/GitHub/PeaceofTheAfterlifeProject/Content/DynamicGrassLite/Blueprints/InternalLogic/FirstPersonBP/Meshes/SK_FPGun.uasset" 121
"C:/GitHub/PeaceofTheAfterlifeProject/Content/DynamicGrassLite/Blueprints/InternalLogic/FirstPersonBP/Meshes/BaseMaterial.uasset" 122
"C:/GitHub/PeaceofTheAfterlifeProject/Content/DynamicGrassLite/Blueprints/InternalLogic/FirstPersonBP/Meshes/FirstPersonProjectileMaterial.uasset" 123
"C:/GitHub/PeaceofTheAfterlifeProject/Content/DynamicGrassLite/Blueprints/InternalLogic/FirstPersonBP/Meshes/FirstPersonProjectileMesh.uasset" 124
"C:/GitHub/PeaceofTheAfterlifeProject/Content/DynamicGrassLite/Blueprints/InternalLogic/FirstPersonBP/Blueprints/FirstPersonProjectile.uasset" 125
"C:/GitHub/PeaceofTheAfterlifeProject/Content/DynamicGrassLite/Blueprints/InternalLogic/FirstPersonBP/Audio/FirstPersonTemplateWeaponFire02.uasset" 126
"C:/GitHub/PeaceofTheAfterlifeProject/Content/DynamicGrassLite/Blueprints/InternalLogic/FirstPersonBP/Animations/FirstPerson_Run.uasset" 127
"C:/GitHub/PeaceofTheAfterlifeProject/Content/DynamicGrassLite/Blueprints/InternalLogic/FirstPersonBP/Animations/FirstPerson_JumpStart.uasset" 128
"C:/GitHub/PeaceofTheAfterlifeProject/Content/DynamicGrassLite/Blueprints/InternalLogic/FirstPersonBP/Animations/FirstPerson_JumpLoop.uasset" 129
"C:/GitHub/PeaceofTheAfterlifeProject/Content/DynamicGrassLite/Blueprints/InternalLogic/FirstPersonBP/Animations/FirstPerson_JumpEnd.uasset" 130
"C:/GitHub/PeaceofTheAfterlifeProject/Content/DynamicGrassLite/Blueprints/InternalLogic/FirstPersonBP/Animations/FirstPerson_Idle.uasset" 131
"C:/GitHub/PeaceofTheAfterlifeProject/Content/DynamicGrassLite/Blueprints/InternalLogic/FirstPersonBP/Animations/FirstPerson_AnimBP.uasset" 132
"C:/GitHub/PeaceofTheAfterlifeProject/Content/DynamicGrassLite/Blueprints/InternalLogic/FirstPersonBP/Animations/FirstPerson_Fire.uasset" 133
"C:/GitHub/PeaceofTheAfterlifeProject/Content/DynamicGrassLite/Blueprints/InternalLogic/FirstPersonBP/Animations/FirstPersonFire_Montage.uasset" 134
"C:/GitHub/PeaceofTheAfterlifeProject/Content/DynamicGrassLite/Blueprints/InternalLogic/GrassInteractionType.uasset" 135
"C:/GitHub/PeaceofTheAfterlifeProject/Content/DynamicGrassLite/Blueprints/InteractWithGrass_BP.uasset" 136
"C:/GitHub/PeaceofTheAfterlifeProject/Content/DynamicGrassLite/Blueprints/InternalLogic/FirstPersonBP/Blueprints/FirstPersonCharacter.uasset" 137
"C:/GitHub/PeaceofTheAfterlifeProject/Content/DynamicGrassLite/Blueprints/InternalLogic/FirstPersonBP/Blueprints/FirstPersonGameMode.uasset" 138
"C:/GitHub/PeaceofTheAfterlifeProject/Content/DynamicGrassLite/Blueprints/InternalLogic/FirstPersonBP/Materials/T_ML_FineRubber.uasset" 139
"C:/GitHub/PeaceofTheAfterlifeProject/Content/DynamicGrassLite/Blueprints/InternalLogic/FirstPersonBP/Meshes/CubeMaterialOverride.uasset" 140
"C:/GitHub/PeaceofTheAfterlifeProject/Content/DynamicGrassLite/Blueprints/InternalLogic/FirstPersonBP/Meshes/SK_FPGun_PhysicsAsset.uasset" 141
"C:/GitHub/PeaceofTheAfterlifeProject/Content/DynamicGrassLite/Textures/Foliage/Grass1_Flowers1_Dense2_T.uasset" 142
"C:/GitHub/PeaceofTheAfterlifeProject/Content/DynamicGrassLite/Materials/Grass/Grass1_Flowers1_M_Inst.uasset" 143
"C:/GitHub/PeaceofTheAfterlifeProject/Content/DynamicGrassLite/Textures/Misc/axisMappings_T.uasset" 144
"C:/GitHub/PeaceofTheAfterlifeProject/Content/DynamicGrassLite/Materials/Misc/AxisMappingTip_M.uasset" 145
"C:/GitHub/PeaceofTheAfterlifeProject/Content/DynamicGrassLite/Materials/Misc/GrassSpawnAreaVis_M.uasset" 146
"C:/GitHub/PeaceofTheAfterlifeProject/Content/DynamicGrassLite/Textures/SimpleGround/GrassGround_Roughness_T.uasset" 147
"C:/GitHub/PeaceofTheAfterlifeProject/Content/DynamicGrassLite/Textures/SimpleGround/GrassGround_Normal_T.uasset" 148
"C:/GitHub/PeaceofTheAfterlifeProject/Content/DynamicGrassLite/Textures/SimpleGround/GrassGround_Color_Equalized1_T.uasset" 149
"C:/GitHub/PeaceofTheAfterlifeProject/Content/DynamicGrassLite/Materials/SimpleGround/GroundGrass_M.uasset" 150
"C:/GitHub/PeaceofTheAfterlifeProject/Content/DynamicGrassLite/Materials/SimpleGround/GroundGrass1_M_Inst.uasset" 151
"C:/GitHub/PeaceofTheAfterlifeProject/Content/DynamicGrassLite/Materials/SimpleGround/GroundGrass2_M_Inst.uasset" 152
"C:/GitHub/PeaceofTheAfterlifeProject/Content/DynamicGrassLite/Materials/SimpleGround/GroundGrass4_M_Inst.uasset" 153
"C:/GitHub/PeaceofTheAfterlifeProject/Content/DynamicGrassLite/Textures/Foliage/Grass1_Dense1_T.uasset" 154
"C:/GitHub/PeaceofTheAfterlifeProject/Content/DynamicGrassLite/Textures/Foliage/grass2_Bent_Color_Desaturated_T.uasset" 155
"C:/GitHub/PeaceofTheAfterlifeProject/Content/DynamicGrassLite/Textures/Foliage/grass2_Color_Desaturated_T.uasset" 156
"C:/GitHub/PeaceofTheAfterlifeProject/Content/DynamicGrassLite/Textures/Foliage/wheat1_Color_Dense1_T.uasset" 157
"C:/GitHub/PeaceofTheAfterlifeProject/Content/DynamicGrassLite/Textures/Foliage/wheat1_Color_T.uasset" 158
"C:/GitHub/PeaceofTheAfterlifeProject/Content/Mannequin/Animations/ThirdPersonJump_End.uasset" 159
"C:/GitHub/PeaceofTheAfterlifeProject/Content/Mannequin/Character/Mesh/MainCharacter_SK.uasset" 160
"C:/GitHub/PeaceofTheAfterlifeProject/Content/Mannequin/Character/Mesh/SK_Mannequin_Female_PhysicsAsset.uasset" 161
"C:/GitHub/PeaceofTheAfterlifeProject/Content/Mannequin/Character/Textures/T_Female_N.uasset" 162
"C:/GitHub/PeaceofTheAfterlifeProject/Content/Mannequin/Character/Textures/T_Female_Mask.uasset" 163
"C:/GitHub/PeaceofTheAfterlifeProject/Content/Mannequin/Character/Materials/MI_Female_Body.uasset" 164
"C:/GitHub/PeaceofTheAfterlifeProject/Content/Mannequin/Character/Mesh/SK_Mannequin_Female.uasset" 165
"../../../Engine/Content/Functions/Engine_MaterialFunctions02/ExampleContent/Textures/WindTurblenceVectorAndGustMagnitude.uasset" 166
"C:/GitHub/PeaceofTheAfterlifeProject/Content/PN_LowpolyGras/Materials/MaterialFunctions/PN_BendingParameters.uasset" 167
"C:/GitHub/PeaceofTheAfterlifeProject/Content/PN_LowpolyGras/Materials/PN_WindParameters.uasset" 168
"../../../Engine/Content/Functions/Engine_MaterialFunctions02/ExampleContent/PivotPainter2/test2_rgb_PivotPos_a_ParentIndexInt_UV_2.uasset" 169
"../../../Engine/Content/Functions/Engine_MaterialFunctions02/ExampleContent/PivotPainter2/SimpExPivPos.uasset" 170
"../../../Engine/Content/Functions/Engine_MaterialFunctions02/ExampleContent/PivotPainter2/PP2_rgb_XVect_a_XExtent.uasset" 171
"../../../Engine/Content/Functions/Engine_MaterialFunctions02/Utility/VectorLength.uasset" 172
"../../../Engine/Content/Functions/Engine_MaterialFunctions02/WorldPositionOffset/ObjectScale.uasset" 173
"../../../Engine/Content/Functions/Engine_MaterialFunctions02/Utility/BreakOutFloat2Components.uasset" 174
"../../../Engine/Content/Functions/Engine_MaterialFunctions02/PivotPainter2/ms_PivotPainter2_DecodePostion.uasset" 175
"../../../Engine/Content/Functions/Engine_MaterialFunctions02/PivotPainter2/ms_PivotPainter2_DecodeAxisVector.uasset" 176
"../../../Engine/Content/Functions/Engine_MaterialFunctions02/PivotPainter2/ms_PivotPainter2_Decode8BitAlphaAxisExtent.uasset" 177
"C:/GitHub/PeaceofTheAfterlifeProject/Content/PN_LowpolyGras/Materials/MaterialFunctions/PN_WindAnimation.uasset" 178
"C:/GitHub/PeaceofTheAfterlifeProject/Content/PN_LowpolyGras/Materials/MaterialFunctions/PN_Bending.uasset" 179
"../../../Engine/Content/Functions/Engine_MaterialFunctions02/WorldPositionOffset/ObjectPivotPoint.uasset" 180
"C:/GitHub/PeaceofTheAfterlifeProject/Content/PN_LowpolyGras/Materials/MaterialFunctions/PN_MultiBend.uasset" 181
"../../../Engine/Content/Functions/Engine_MaterialFunctions02/PivotPainter2/2dArrayLookupByIndex.uasset" 182
"../../../Engine/Content/Functions/Engine_MaterialFunctions02/PivotPainter2/ms_PivotPainter2_ReturnParentTextureInfo.uasset" 183
"../../../Engine/Content/Functions/Engine_MaterialFunctions02/PivotPainter2/ms_PivotPainter2_CalculateMeshElementIndex.uasset" 184
"../../../Engine/Content/Functions/Engine_MaterialFunctions02/ms_PivotPainter2_UnpackIntegerAsFloat.uasset" 185
"../../../Engine/Content/Functions/Engine_MaterialFunctions02/Math/TimeWithSpeedVariable.uasset" 186
"../../../Engine/Content/Functions/Engine_MaterialFunctions02/Lerp_Multiple_Float2.uasset" 187
"C:/GitHub/PeaceofTheAfterlifeProject/Content/PN_LowpolyGras/Materials/MaterialFunctions/PN_AnimationShader.uasset" 188
"C:/GitHub/PeaceofTheAfterlifeProject/Content/PN_LowpolyGras/Materials/MA_lowpolyGrass.uasset" 189
"C:/GitHub/PeaceofTheAfterlifeProject/Content/PN_LowpolyGras/Textures/Grass_01/Grass_01_Brush_05_Vec.uasset" 190
"C:/GitHub/PeaceofTheAfterlifeProject/Content/PN_LowpolyGras/Textures/Grass_01/Grass_01_Brush_05_PIV.uasset" 191
"C:/GitHub/PeaceofTheAfterlifeProject/Content/PN_LowpolyGras/Materials/Grass_01/Grass_01_Brush_05_Mat.uasset" 192
"C:/GitHub/PeaceofTheAfterlifeProject/Content/PN_LowpolyGras/Textures/single_Vec.uasset" 193
"C:/GitHub/PeaceofTheAfterlifeProject/Content/PN_LowpolyGras/Textures/single_PIV.uasset" 194
"C:/GitHub/PeaceofTheAfterlifeProject/Content/PN_LowpolyGras/Materials/singleGrass_Mat.uasset" 195
"C:/GitHub/PeaceofTheAfterlifeProject/Content/PN_LowpolyGras/Meshes/Grass_01/grass_01_single_001.uasset" 196
"C:/GitHub/PeaceofTheAfterlifeProject/Content/PN_LowpolyGras/Meshes/Grass_01/grass_01_single_002.uasset" 197
"C:/GitHub/PeaceofTheAfterlifeProject/Content/PN_LowpolyGras/Meshes/Grass_01/grass_01_single_003.uasset" 198
"C:/GitHub/PeaceofTheAfterlifeProject/Content/PN_LowpolyGras/Meshes/Grass_01/grass_01_single_004.uasset" 199
"C:/GitHub/PeaceofTheAfterlifeProject/Content/PN_LowpolyGras/Meshes/Grass_01/grass_01_single_005.uasset" 200
"C:/GitHub/PeaceofTheAfterlifeProject/Content/PN_LowpolyGras/Meshes/Grass_01/grass_01_single_006.uasset" 201
"C:/GitHub/PeaceofTheAfterlifeProject/Content/PN_LowpolyGras/Meshes/Grass_02/grass_02_single_01.uasset" 202
"C:/GitHub/PeaceofTheAfterlifeProject/Content/PN_LowpolyGras/Meshes/Grass_02/grass_02_single_02.uasset" 203
"C:/GitHub/PeaceofTheAfterlifeProject/Content/PN_LowpolyGras/Meshes/Grass_02/grass_02_single_03.uasset" 204
"C:/GitHub/PeaceofTheAfterlifeProject/Content/PN_LowpolyGras/Meshes/Grass_02/grass_02_single_04.uasset" 205
"C:/GitHub/PeaceofTheAfterlifeProject/Content/PN_LowpolyGras/Meshes/Grass_02/grass_02_single_05.uasset" 206
"C:/GitHub/PeaceofTheAfterlifeProject/Content/PN_LowpolyGras/Meshes/Grass_02/grass_02_single_06.uasset" 207
"C:/GitHub/PeaceofTheAfterlifeProject/Content/PN_LowpolyGras/Meshes/Grass_03/grass_03_single_01.uasset" 208
"C:/GitHub/PeaceofTheAfterlifeProject/Content/PN_LowpolyGras/Meshes/Grass_03/grass_03_single_02.uasset" 209
"C:/GitHub/PeaceofTheAfterlifeProject/Content/PN_LowpolyGras/Meshes/Grass_03/grass_03_single_03.uasset" 210
"C:/GitHub/PeaceofTheAfterlifeProject/Content/PN_LowpolyGras/Meshes/Grass_05/grass_05_single_01.uasset" 211
"C:/GitHub/PeaceofTheAfterlifeProject/Content/PN_LowpolyGras/Meshes/Grass_05/grass_05_single_02.uasset" 212
"C:/GitHub/PeaceofTheAfterlifeProject/Content/PN_LowpolyGras/Meshes/Grass_05/grass_05_single_03.uasset" 213
"C:/GitHub/PeaceofTheAfterlifeProject/Content/PN_LowpolyGras/UE4_ThirdPerson/Mannequin/Character/Mesh/SK_Mannequin_PhysicsAsset.uasset" 214
"C:/GitHub/PeaceofTheAfterlifeProject/Content/PN_LowpolyGras/UE4_ThirdPerson/Mannequin/Character/Textures/UE4Man_Logo_N.uasset" 215
"C:/GitHub/PeaceofTheAfterlifeProject/Content/PN_LowpolyGras/UE4_ThirdPerson/Mannequin/Character/Textures/UE4_Mannequin_MAT_MASKA.uasset" 216
"C:/GitHub/PeaceofTheAfterlifeProject/Content/PN_LowpolyGras/UE4_ThirdPerson/Mannequin/Character/Textures/UE4_Mannequin__normals.uasset" 217
"C:/GitHub/PeaceofTheAfterlifeProject/Content/PN_LowpolyGras/UE4_ThirdPerson/Mannequin/Character/Materials/MaterialLayers/T_ML_Aluminum01_N.uasset" 218
"C:/GitHub/PeaceofTheAfterlifeProject/Content/PN_LowpolyGras/UE4_ThirdPerson/Mannequin/Character/Materials/MaterialLayers/T_ML_Aluminum01.uasset" 219
"C:/GitHub/PeaceofTheAfterlifeProject/Content/PN_LowpolyGras/UE4_ThirdPerson/Mannequin/Character/Materials/MaterialLayers/ML_SoftMetal_UE4.uasset" 220
"C:/GitHub/PeaceofTheAfterlifeProject/Content/PN_LowpolyGras/UE4_ThirdPerson/Mannequin/Character/Textures/UE4_LOGO_CARD.uasset" 221
"C:/GitHub/PeaceofTheAfterlifeProject/Content/PN_LowpolyGras/UE4_ThirdPerson/Mannequin/Character/Materials/MaterialLayers/ML_Plastic_Shiny_Beige_LOGO.uasset" 222
"C:/GitHub/PeaceofTheAfterlifeProject/Content/PN_LowpolyGras/UE4_ThirdPerson/Mannequin/Character/Materials/MaterialLayers/ML_Plastic_Shiny_Beige.uasset" 223
"C:/GitHub/PeaceofTheAfterlifeProject/Content/PN_LowpolyGras/UE4_ThirdPerson/Mannequin/Character/Materials/MaterialLayers/T_ML_Rubber_Blue_01_N.uasset" 224
"C:/GitHub/PeaceofTheAfterlifeProject/Content/PN_LowpolyGras/UE4_ThirdPerson/Mannequin/Character/Materials/MaterialLayers/T_ML_Rubber_Blue_01_D.uasset" 225
"C:/GitHub/PeaceofTheAfterlifeProject/Content/PN_LowpolyGras/UE4_ThirdPerson/Mannequin/Character/Materials/MaterialLayers/ML_GlossyBlack_Latex_UE4.uasset" 226
"C:/GitHub/PeaceofTheAfterlifeProject/Content/PN_LowpolyGras/UE4_ThirdPerson/Mannequin/Character/Materials/M_UE4Man_Body.uasset" 227
"C:/GitHub/PeaceofTheAfterlifeProject/Content/PN_LowpolyGras/UE4_ThirdPerson/Mannequin/Character/Materials/M_UE4Man_ChestLogo.uasset" 228
"C:/GitHub/PeaceofTheAfterlifeProject/Content/PN_LowpolyGras/UE4_ThirdPerson/Mannequin/Character/Mesh/UE4_Mannequin_Skeleton.uasset" 229
"C:/GitHub/PeaceofTheAfterlifeProject/Content/PN_LowpolyGras/UE4_ThirdPerson/Mannequin/Character/Mesh/SK_Mannequin.uasset" 230
"C:/GitHub/PeaceofTheAfterlifeProject/Content/PN_LowpolyGras/UE4_ThirdPerson/Mannequin/Animations/ThirdPersonWalk.uasset" 231
"C:/GitHub/PeaceofTheAfterlifeProject/Content/PN_LowpolyGras/UE4_ThirdPerson/Mannequin/Animations/ThirdPersonRun.uasset" 232
"C:/GitHub/PeaceofTheAfterlifeProject/Content/PN_LowpolyGras/UE4_ThirdPerson/Mannequin/Animations/ThirdPersonIdle.uasset" 233
"C:/GitHub/PeaceofTheAfterlifeProject/Content/PN_LowpolyGras/UE4_ThirdPerson/Mannequin/Animations/ThirdPerson_IdleRun_2D.uasset" 234
"C:/GitHub/PeaceofTheAfterlifeProject/Content/PN_LowpolyGras/UE4_ThirdPerson/Mannequin/Animations/ThirdPerson_Jump.uasset" 235
"C:/GitHub/PeaceofTheAfterlifeProject/Content/PN_LowpolyGras/UE4_ThirdPerson/Mannequin/Animations/ThirdPersonJump_Start.uasset" 236
"C:/GitHub/PeaceofTheAfterlifeProject/Content/PN_LowpolyGras/UE4_ThirdPerson/Mannequin/Animations/ThirdPersonJump_Loop.uasset" 237
"C:/GitHub/PeaceofTheAfterlifeProject/Content/PN_LowpolyGras/UE4_ThirdPerson/Mannequin/Animations/ThirdPerson_AnimBP.uasset" 238
"C:/GitHub/PeaceofTheAfterlifeProject/Content/PN_LowpolyGras/Blueprints/PN_Bending_Component.uasset" 239
"C:/GitHub/PeaceofTheAfterlifeProject/Content/PN_LowpolyGras/UE4_ThirdPerson/Blueprints/ThirdPersonCharacter.uasset" 240
"C:/GitHub/PeaceofTheAfterlifeProject/Content/PN_LowpolyGras/UE4_ThirdPerson/Blueprints/ThirdPersonGameMode.uasset" 241
"C:/GitHub/PeaceofTheAfterlifeProject/Content/PN_LowpolyGras/UE4_ThirdPerson/Mannequin/Animations/ThirdPersonJump_End.uasset" 242
"C:/GitHub/PeaceofTheAfterlifeProject/Content/ThirdPersonBP/ThirdPersonOverview.uasset" 243
"../../../Engine/Content/Animation/DefaultAnimBoneCompressionSettings.uasset" 244
"../../../Engine/Content/Animation/DefaultAnimCurveCompressionSettings.uasset" 245
"../../../Engine/Content/ArtTools/RenderToTexture/Meshes/S_1_Unit_Plane.uasset" 246
"../../../Engine/Content/EngineMaterials/DefaultMaterial.uasset" 247
"../../../Engine/Content/BasicShapes/Cone.uasset" 248
"../../../Engine/Content/EditorLandscapeResources/DataLayer.uasset" 249
"../../../Engine/Content/EditorLandscapeResources/DefaultAlphaTexture.uasset" 250
"../../../Engine/Content/EditorMaterials/MAT_Groups_Toggle.uasset" 251
"../../../Engine/Content/EditorMaterials/MAT_Groups_Visibility.uasset" 252
"../../../Engine/Content/EditorMaterials/PreviewShadowIndicator.uasset" 253
"../../../Engine/Content/EditorMaterials/PreviewShadowIndicatorMaterial.uasset" 254
"../../../Engine/Content/EditorMaterials/MatineeGroups/MAT_ColorTrack.uasset" 255
"../../../Engine/Content/EditorMaterials/MatineeGroups/MAT_Groups_Anim.uasset" 256
"../../../Engine/Content/EditorMaterials/MatineeGroups/MAT_Groups_AudioMaster.uasset" 257
"../../../Engine/Content/EditorMaterials/MatineeGroups/MAT_Groups_Director.uasset" 258
"../../../Engine/Content/EditorMaterials/MatineeGroups/MAT_Groups_Event.uasset" 259
"../../../Engine/Content/EditorMaterials/MatineeGroups/MAT_Groups_Fade.uasset" 260
"../../../Engine/Content/EditorMaterials/MatineeGroups/MAT_Groups_Float.uasset" 261
"../../../Engine/Content/EditorMaterials/MatineeGroups/MAT_Groups_Move.uasset" 262
"../../../Engine/Content/EditorMaterials/MatineeGroups/MAT_Groups_Slomo.uasset" 263
"../../../Engine/Content/EditorMaterials/MatineeGroups/MAT_Groups_Sound.uasset" 264
"../../../Engine/Content/EditorMaterials/MatineeGroups/MAT_Groups_Vector.uasset" 265
"../../../Engine/Content/EditorMaterials/ParticleSystems/PSysThumbnail_NoImage.uasset" 266
"../../../Engine/Content/EditorMaterials/ParticleSystems/PSysThumbnail_OOD.uasset" 267
"../../../Engine/Content/EditorMaterials/Camera/CineMat.uasset" 268
"../../../Engine/Content/EditorMaterials/Camera/MI_CineMat_Rig.uasset" 269
"../../../Engine/Content/EditorMeshes/Camera/SM_CraneRig_Arm.uasset" 270
"../../../Engine/Content/EditorMeshes/Camera/SM_CraneRig_Base.uasset" 271
"../../../Engine/Content/EditorMeshes/Camera/SM_CraneRig_Body.uasset" 272
"../../../Engine/Content/EditorMeshes/Camera/SM_CraneRig_Mount.uasset" 273
"../../../Engine/Content/EditorMeshes/Camera/SM_RailRig_Mount.uasset" 274
"../../../Engine/Content/EditorMeshes/Camera/SM_RailRig_Track.uasset" 275
"../../../Engine/Content/EditorResources/BSPVertex.uasset" 276
"../../../Engine/Content/EditorResources/EmptyActor.uasset" 277
"../../../Engine/Content/EditorResources/S_Actor.uasset" 278
"../../../Engine/Content/EditorResources/S_Note.uasset" 279
"../../../Engine/Content/EditorResources/S_Solver.uasset" 280
"../../../Engine/Content/EditorResources/S_Terrain.uasset" 281
"../../../Engine/Content/EditorResources/S_Trigger.uasset" 282
"../../../Engine/Content/EditorResources/LightIcons/S_LightError.uasset" 283
"../../../Engine/Content/EditorResources/SequenceRecorder/Countdown.uasset" 284
"../../../Engine/Content/EditorResources/SequenceRecorder/RecordingIndicator.uasset" 285
"../../../Engine/Content/EngineDamageTypes/DmgTypeBP_Environmental.uasset" 286
"../../../Engine/Content/EngineDebugMaterials/DebugEditorMaterial.uasset" 287
"../../../Engine/Content/EngineDebugMaterials/DebugMeshMaterial.uasset" 288
"../../../Engine/Content/EngineDebugMaterials/M_SimpleUnlitTranslucent.uasset" 289
"../../../Engine/Content/EngineDebugMaterials/VolumeToRender.uasset" 290
"../../../Engine/Content/Functions/Engine_MaterialFunctions02/Utility/CameraDirectionVector.uasset" 291
"../../../Engine/Content/EngineDebugMaterials/M_VolumeRenderSphereTracePP.uasset" 292
"../../../Engine/Content/Functions/Engine_MaterialFunctions01/Shading/ConvertFromDiffSpec.uasset" 293
"../../../Engine/Content/EngineDebugMaterials/VertexColorMaterial.uasset" 294
"../../../Engine/Content/EngineDebugMaterials/WireframeMaterial.uasset" 295
"../../../Engine/Content/EngineFonts/Faces/RobotoRegular.uasset" 296
"../../../Engine/Content/EngineFonts/Faces/RobotoLight.uasset" 297
"../../../Engine/Content/EngineFonts/Faces/RobotoItalic.uasset" 298
"../../../Engine/Content/EngineFonts/Faces/RobotoBoldItalic.uasset" 299
"../../../Engine/Content/EngineFonts/Faces/RobotoBold.uasset" 300
"../../../Engine/Content/EngineFonts/Faces/DroidSansFallback.uasset" 301
"../../../Engine/Content/EngineFonts/Roboto.uasset" 302
"../../../Engine/Content/EngineMaterials/BaseFlattenNormalMap.uasset" 303
"../../../Engine/Content/EngineMaterials/BaseFlattenGrayscaleMap.uasset" 304
"../../../Engine/Content/EngineMaterials/BaseFlattenEmissiveMap.uasset" 305
"../../../Engine/Content/EngineMaterials/BaseFlattenDiffuseMap.uasset" 306
"../../../Engine/Content/EngineMaterials/BaseFlattenMaterial.uasset" 307
"../../../Engine/Content/EngineMaterials/BlueNoise.uasset" 308
"../../../Engine/Content/EngineMaterials/DefaultBloomKernel.uasset" 309
"../../../Engine/Content/EngineMaterials/DefaultBokeh.uasset" 310
"../../../Engine/Content/EngineMaterials/DefaultDiffuse.uasset" 311
"../../../Engine/Content/EngineMaterials/DefaultDeferredDecalMaterial.uasset" 312
"../../../Engine/Content/EngineMaterials/DefaultLightFunctionMaterial.uasset" 313
"../../../Engine/Content/EngineMaterials/DefaultPostProcessMaterial.uasset" 314
"../../../Engine/Content/EngineFonts/RobotoDistanceField.uasset" 315
"../../../Engine/Content/EngineMaterials/DefaultTextMaterialOpaque.uasset" 316
"../../../Engine/Content/EngineMaterials/DefaultWhiteGrid.uasset" 317
"../../../Engine/Content/EngineMaterials/DefaultWhiteGrid_Low.uasset" 318
"../../../Engine/Content/EngineMaterials/EmissiveMeshMaterial.uasset" 319
"../../../Engine/Content/EngineMaterials/GizmoMaterial.uasset" 320
"../../../Engine/Content/EngineMaterials/Good64x64TilingNoiseHighFreq.uasset" 321
"../../../Engine/Content/EngineMaterials/MiniFont.uasset" 322
"../../../Engine/Content/EngineMaterials/InvalidLightmapSettings.uasset" 323
"../../../Engine/Content/EngineMaterials/M_InvalidLightmapSettings.uasset" 324
"../../../Engine/Content/Functions/Engine_MaterialFunctions02/WorldPositionOffset/CameraOffset.uasset" 325
"../../../Engine/Content/EngineMaterials/PhAT_JointLimitMaterial.uasset" 326
"../../../Engine/Content/EngineMaterials/PreintegratedSkinBRDF.uasset" 327
"../../../Engine/Content/EngineMaterials/RemoveSurfaceMaterial.uasset" 328
"../../../Engine/Content/EngineResources/WhiteSquareTexture.uasset" 329
"../../../Engine/Content/EngineMaterials/Widget3DPassThrough.uasset" 330
"../../../Engine/Content/EngineMaterials/Widget3DPassThrough_Masked.uasset" 331
"../../../Engine/Content/EngineMaterials/Widget3DPassThrough_Opaque.uasset" 332
"../../../Engine/Content/EngineMaterials/Widget3DPassThrough_Masked_OneSided.uasset" 333
"../../../Engine/Content/EngineMaterials/Widget3DPassThrough_Opaque_OneSided.uasset" 334
"../../../Engine/Content/EngineMaterials/Widget3DPassThrough_Translucent.uasset" 335
"../../../Engine/Content/EngineMaterials/Widget3DPassThrough_Translucent_OneSided.uasset" 336
"../../../Engine/Content/EngineMeshes/Cylinder.uasset" 337
"../../../Engine/Content/EngineMeshes/Sphere.uasset" 338
"../../../Engine/Content/EngineResources/Black.uasset" 339
"../../../Engine/Content/EngineResources/DefaultTextureCube.uasset" 340
"../../../Engine/Content/EngineResources/DefaultVolumeTexture2D.uasset" 341
"../../../Engine/Content/EngineResources/DefaultVolumeTexture.uasset" 342
"../../../Engine/Content/EngineResources/GradientTexture0.uasset" 343
"../../../Engine/Content/EngineSky/VolumetricClouds/T_NoiseShape64.uasset" 344
"../../../Engine/Content/EngineSky/VolumetricClouds/T_VolumeNoiseShape64.uasset" 345
"../../../Engine/Content/EngineSky/VolumetricClouds/T_NoiseErosion.uasset" 346
"../../../Engine/Content/EngineSky/VolumetricClouds/T_VolumeNoiseErosion32.uasset" 347
"../../../Engine/Content/EngineSky/VolumetricClouds/CloudWeatherTexture.uasset" 348
"../../../Engine/Content/EngineSky/VolumetricClouds/CloudGradientTexture.uasset" 349
"../../../Engine/Content/EngineSky/VolumetricClouds/m_SimpleVolumetricCloud.uasset" 350
"../../../Engine/Content/EngineSky/VolumetricClouds/m_SimpleVolumetricCloud_Inst.uasset" 351
"../../../Engine/Content/EngineSounds/Master.uasset" 352
"../../../Engine/Content/Functions/Engine_MaterialFunctions01/Shading/PowerToRoughness.uasset" 353
"../../../Engine/Content/Maps/Templates/Thumbnails/Default.uasset" 354
"../../../Engine/Content/Maps/Templates/Thumbnails/TimeOfDay.uasset" 355
"../../../Engine/Content/Maps/Templates/Thumbnails/VR-Basic.uasset" 356
"../../../Engine/Content/MobileResources/T_MobileControls_texture.uasset" 357
"../../../Engine/Content/MobileResources/T_MobileMenu2.uasset" 358
"../../../Engine/Content/MobileResources/HUD/AnalogHat.uasset" 359
"../../../Engine/Content/MobileResources/HUD/VirtualJoystick_Thumb.uasset" 360
"../../../Engine/Content/MobileResources/HUD/VirtualJoystick_Background.uasset" 361
"../../../Engine/Content/MobileResources/HUD/DefaultVirtualJoysticks.uasset" 362
"../../../Engine/Content/MobileResources/HUD/LeftVirtualJoystickOnly.uasset" 363
"../../../Engine/Content/MobileResources/HUD/MobileHUDButton1_off.uasset" 364
"../../../Engine/Content/MobileResources/HUD/MobileHUDButton1_on.uasset" 365
"../../../Engine/Content/MobileResources/HUD/MobileHUDButton2_off.uasset" 366
"../../../Engine/Content/MobileResources/HUD/MobileHUDButton2_on.uasset" 367
"../../../Engine/Content/MobileResources/HUD/MobileHUDButton3.uasset" 368
"../../../Engine/Content/MobileResources/HUD/MobileHUDButtonFire.uasset" 369
"../../../Engine/Content/MobileResources/HUD/MobileHUDDirectionPad.uasset" 370
"../../../Engine/Content/MobileResources/HUD/MobileHUDDirectionPad2.uasset" 371
"../../../Engine/Content/MobileResources/HUD/MobileHUDDirectionPad3.uasset" 372
"../../../Engine/Content/MobileResources/HUD/MobileHUDDirectionStick.uasset" 373
"../../../Engine/Content/MobileResources/HUD/T_Castle_ThumbstickInner.uasset" 374
"../../../Engine/Content/MobileResources/HUD/T_Castle_ThumbstickOutter.uasset" 375
"../../../Engine/Content/Tutorial/ContentIntroCurve.uasset" 376
"../../../Engine/Content/Tutorial/Basics/LevelEditorAttract.uasset" 377
"../../../Engine/Content/Tutorial/Basics/TutorialAssets/icon_tab_Levels_40x.uasset" 378
"../../../Engine/Content/Tutorial/Basics/LevelEditorOverview.uasset" 379
"../../../Engine/Content/Tutorial/BlueprintTutorials/TutorialAssets/Blueprint_64x.uasset" 380
"../../../Engine/Content/Tutorial/BlueprintTutorials/BlueprintEditorTutorial.uasset" 381
"../../../Engine/Content/VREditor/TransformGizmo/TranslucentTransformGizmoMaterial.uasset" 382
"../../../Engine/Content/VREditor/LaserPointer/VR_LaserPower_01.uasset" 383
"../../../Engine/Content/VREditor/TransformGizmo/TransformGizmoMaterial.uasset" 384
"../../../Engine/Content/VREditor/TransformGizmo/BoundingBoxCorner.uasset" 385
"../../../Engine/Content/VREditor/TransformGizmo/BoundingBoxEdge.uasset" 386
"../../../Engine/Content/VREditor/TransformGizmo/PlaneTranslationHandle.uasset" 387
"../../../Engine/Content/VREditor/TransformGizmo/Xray.uasset" 388
"../../../Engine/Content/VREditor/TransformGizmo/Main.uasset" 389
"../../../Engine/Content/VREditor/TransformGizmo/SM_Sequencer_Key.uasset" 390
"../../../Engine/Content/VREditor/TransformGizmo/SM_Sequencer_Node.uasset" 391
"../../Plugins/2D/Paper2D/Content/PlaceholderTextures/DummySpriteTexture.uasset" 392
"../../Plugins/2D/Paper2D/Content/DummySprite.uasset" 393
"../../Plugins/2D/Paper2D/Content/DefaultPaperTerrainMaterial.uasset" 394
"../../Plugins/2D/Paper2D/Content/DefaultSpriteMaterial.uasset" 395
"../../Plugins/2D/Paper2D/Content/MaskedUnlitSpriteMaterial.uasset" 396
"../../Plugins/2D/Paper2D/Content/OpaqueUnlitSpriteMaterial.uasset" 397
"../../../Engine/Content/Functions/Engine_MaterialFunctions02/Utility/BreakOutFloat3Components.uasset" 398
"../../Plugins/Editor/SpeedTreeImporter/Content/SpeedTree9/UnpackInteger3.uasset" 399
"../../Plugins/Editor/SpeedTreeImporter/Content/SpeedTree9/UnpackDirection.uasset" 400
"../../Plugins/Editor/SpeedTreeImporter/Content/SpeedTree9/game_wind_noise.uasset" 401
"../../../Engine/Content/Functions/Engine_MaterialFunctions02/SafeNormalize.uasset" 402
"../../Plugins/Editor/SpeedTreeImporter/Content/SpeedTree9/SpeedTreeWindMotion.uasset" 403
"../../Plugins/Editor/SpeedTreeImporter/Content/SpeedTree9/SpeedTreeBranchMotion.uasset" 404
"../../../Engine/Content/Functions/Engine_MaterialFunctions02/ObjectLocalBounds.uasset" 405
"../../../Engine/Content/Functions/Engine_MaterialFunctions02/UVs/BoundingBoxBased_0-1_UVW.uasset" 406
"../../Plugins/Editor/SpeedTreeImporter/Content/SpeedTree9/SpeedTreeWind.uasset" 407
"../../Plugins/Editor/SpeedTreeImporter/Content/SpeedTree9/SpeedTreeBillboard.uasset" 408
"../../../Engine/Content/EngineResources/DefaultTexture.uasset" 409
"../../Plugins/Editor/SpeedTreeImporter/Content/SpeedTree9/SpeedTreeBillboardMaster.uasset" 410
"../../Plugins/Editor/SpeedTreeImporter/Content/SpeedTree9/SpeedTreeCameraFacing.uasset" 411
"../../Plugins/Editor/SpeedTreeImporter/Content/SpeedTree9/SpeedTreeMaster.uasset" 412
"../../../Engine/Content/BasicShapes/Cylinder.uasset" 413
"../../../Engine/Content/ArtTools/RenderToTexture/Materials/Debug/M_Emissive_Color.uasset" 414
"../../Plugins/Lumin/MagicLeapPassableWorld/Content/MagicLeapARPinInfoActor.uasset" 415
"../../../Engine/Content/Functions/Engine_MaterialFunctions02/Utility/BreakOutFloat4Components.uasset" 416
"../../Plugins/Runtime/Oculus/OculusVR/Content/Materials/OculusMR_ChromaKey.uasset" 417
"../../Plugins/Runtime/Oculus/OculusVR/Content/Materials/OculusMR_OpaqueColoredMaterial.uasset" 418
"../../Plugins/Runtime/Oculus/OculusVR/Content/Materials/PokeAHoleMaterial.uasset" 419
"../../../Engine/Content/EngineSky/T_Sky_Stars.uasset" 420
"../../../Engine/Content/EngineSky/T_Sky_Clouds_M.uasset" 421
"../../../Engine/Content/EngineSky/T_Sky_Blue.uasset" 422
"../../../Engine/Content/EngineMaterials/DefaultPhysicalMaterial.uasset" 423
"C:/GitHub/PeaceofTheAfterlifeProject/Content/DynamicGrassLite/Materials/SimpleGround/LandscapeMaterial_M.uasset" 424
"C:/GitHub/PeaceofTheAfterlifeProject/Content/DynamicGrassLite/Materials/Misc/CloudShadows_M.uasset" 425
"../../../Engine/Content/EngineSky/M_Sky_Panning_Clouds2.uasset" 426
"C:/GitHub/PeaceofTheAfterlifeProject/Content/DynamicGrassLite/Materials/Misc/WheatGround_LayerInfo.uasset" 427
"C:/GitHub/PeaceofTheAfterlifeProject/Content/DynamicGrassLite/Materials/Misc/GrassGround_LayerInfo.uasset" 428
"../../../Engine/Content/EngineSky/SM_SkySphere.uasset" 429
"../../../Engine/Content/EngineSky/C_Sky_Zenith_Color.uasset" 430
"../../../Engine/Content/EngineSky/C_Sky_Horizon_Color.uasset" 431
"../../../Engine/Content/EngineSky/C_Sky_Cloud_Color.uasset" 432
"../../../Engine/Content/EngineSky/BP_Sky_Sphere.uasset" 433
"C:/GitHub/PeaceofTheAfterlifeProject/Content/DynamicGrassLite/Blueprints/InternalLogic/ThirdPersonBP/Meshes/SK_Mannequin_PhysicsAsset.uasset" 434
"C:/GitHub/PeaceofTheAfterlifeProject/Content/DynamicGrassLite/Blueprints/InternalLogic/ThirdPersonBP/Textures/UE4Man_Logo_N.uasset" 435
"C:/GitHub/PeaceofTheAfterlifeProject/Content/DynamicGrassLite/Blueprints/InternalLogic/ThirdPersonBP/Materials/M_UE4Man_ChestLogo.uasset" 436
"C:/GitHub/PeaceofTheAfterlifeProject/Content/DynamicGrassLite/Blueprints/InternalLogic/ThirdPersonBP/Meshes/UE4_Mannequin_Skeleton.uasset" 437
"C:/GitHub/PeaceofTheAfterlifeProject/Content/DynamicGrassLite/Blueprints/InternalLogic/ThirdPersonBP/Meshes/SK_Mannequin.uasset" 438
"C:/GitHub/PeaceofTheAfterlifeProject/Content/DynamicGrassLite/Blueprints/InternalLogic/ThirdPersonBP/Animations/ThirdPersonWalk.uasset" 439
"C:/GitHub/PeaceofTheAfterlifeProject/Content/DynamicGrassLite/Blueprints/InternalLogic/ThirdPersonBP/Animations/ThirdPersonRun.uasset" 440
"C:/GitHub/PeaceofTheAfterlifeProject/Content/DynamicGrassLite/Blueprints/InternalLogic/ThirdPersonBP/Animations/ThirdPersonIdle.uasset" 441
"C:/GitHub/PeaceofTheAfterlifeProject/Content/DynamicGrassLite/Blueprints/InternalLogic/ThirdPersonBP/Animations/ThirdPerson_IdleRun_2D.uasset" 442
"C:/GitHub/PeaceofTheAfterlifeProject/Content/DynamicGrassLite/Blueprints/InternalLogic/ThirdPersonBP/Animations/ThirdPerson_Jump.uasset" 443
"C:/GitHub/PeaceofTheAfterlifeProject/Content/DynamicGrassLite/Blueprints/InternalLogic/ThirdPersonBP/Animations/ThirdPersonJump_Start.uasset" 444
"C:/GitHub/PeaceofTheAfterlifeProject/Content/DynamicGrassLite/Blueprints/InternalLogic/ThirdPersonBP/Animations/ThirdPersonJump_Loop.uasset" 445
"C:/GitHub/PeaceofTheAfterlifeProject/Content/DynamicGrassLite/Blueprints/InternalLogic/ThirdPersonBP/Animations/ThirdPerson_AnimBP.uasset" 446
"C:/GitHub/PeaceofTheAfterlifeProject/Content/DynamicGrassLite/Blueprints/InternalLogic/ThirdPersonBP/Blueprints/ThirdPersonCharacter.uasset" 447
"C:/GitHub/PeaceofTheAfterlifeProject/Content/DynamicGrassLite/Blueprints/InternalLogic/ThirdPersonBP/Blueprints/ThirdPersonGameMode.uasset" 448
"C:/GitHub/PeaceofTheAfterlifeProject/Content/DynamicGrassLite/Blueprints/InternalLogic/OnScreenInstructions_BP.uasset" 449
"C:/GitHub/PeaceofTheAfterlifeProject/Content/DynamicGrassLite/Blueprints/InternalLogic/ExampleVehicle_BP.uasset" 450
"C:/GitHub/PeaceofTheAfterlifeProject/Content/DynamicGrassLite/Materials/Misc/BasicMaterial_M.uasset" 451
"C:/GitHub/PeaceofTheAfterlifeProject/Content/DynamicGrassLite/Blueprints/InternalLogic/ExampleActionPlate_BP.uasset" 452
"C:/GitHub/PeaceofTheAfterlifeProject/Content/DynamicGrassLite/Blueprints/InternalLogic/ExampleVehicleStarter_BP.uasset" 453
"../../../Engine/Content/BasicShapes/Sphere.uasset" 454
"C:/GitHub/PeaceofTheAfterlifeProject/Content/DynamicGrassLite/Blueprints/InternalLogic/ExampleUFO_BP.uasset" 455
"C:/GitHub/PeaceofTheAfterlifeProject/Content/DynamicGrassLite/Blueprints/InternalLogic/ExampleUFOSpawner_BP.uasset" 456
"C:/GitHub/PeaceofTheAfterlifeProject/Content/DynamicGrassLite/Blueprints/InternalLogic/GrassRemover_BP.uasset" 457
"C:/GitHub/PeaceofTheAfterlifeProject/Content/DynamicGrassLite/Blueprints/InternalLogic/ExampleSpawnedObject_Chest_BP.uasset" 458
"../../../Engine/Content/Functions/Engine_MaterialFunctions01/Gradient/RadialGradient.uasset" 459
"C:/GitHub/PeaceofTheAfterlifeProject/Content/DynamicGrassLite/Materials/Misc/RainDrop_M.uasset" 460
"C:/GitHub/PeaceofTheAfterlifeProject/Content/DynamicGrassLite/Particles/ProjectileParticles_PS.uasset" 461
"C:/GitHub/PeaceofTheAfterlifeProject/Content/DynamicGrassLite/Materials/Misc/GlowingMorph_M.uasset" 462
"C:/GitHub/PeaceofTheAfterlifeProject/Content/DynamicGrassLite/Particles/ProjectileParticles_Boom_PS.uasset" 463
"C:/GitHub/PeaceofTheAfterlifeProject/Content/DynamicGrassLite/Blueprints/InternalLogic/Impulse_BP.uasset" 464
"C:/GitHub/PeaceofTheAfterlifeProject/Content/DynamicGrassLite/Blueprints/InternalLogic/ExampleProjectile_BP.uasset" 465
"C:/GitHub/PeaceofTheAfterlifeProject/Content/DynamicGrassLite/Blueprints/InternalLogic/ExampleHarvester_BP.uasset" 466
"C:/GitHub/PeaceofTheAfterlifeProject/Content/DynamicGrassLite/Blueprints/InternalLogic/ExampleHarvesterStarter_BP.uasset" 467
"C:/GitHub/PeaceofTheAfterlifeProject/Content/DynamicGrassLite/Blueprints/InternalLogic/ExampleSpawnedObject_Building_BP.uasset" 468
"C:/GitHub/PeaceofTheAfterlifeProject/Content/DynamicGrassLite/Blueprints/InternalLogic/ExampleBuildingSpawner_BP.uasset" 469
"C:/GitHub/PeaceofTheAfterlifeProject/Content/DynamicGrassLite/Materials/Misc/FireSpark_M.uasset" 470
"C:/GitHub/PeaceofTheAfterlifeProject/Content/DynamicGrassLite/Particles/BombSparks_PS.uasset" 471
"C:/GitHub/PeaceofTheAfterlifeProject/Content/DynamicGrassLite/Materials/Grass/LinearRoundedSine.uasset" 472
"C:/GitHub/PeaceofTheAfterlifeProject/Content/DynamicGrassLite/Materials/Misc/TickingBomb_M.uasset" 473
"C:/GitHub/PeaceofTheAfterlifeProject/Content/DynamicGrassLite/Blueprints/InternalLogic/CameraShake1_BP.uasset" 474
"C:/GitHub/PeaceofTheAfterlifeProject/Content/DynamicGrassLite/Blueprints/InternalLogic/ExampleBomb_BP.uasset" 475
"C:/GitHub/PeaceofTheAfterlifeProject/Content/DynamicGrassLite/Blueprints/InternalLogic/TestSphere_BP.uasset" 476
"C:/GitHub/PeaceofTheAfterlifeProject/Content/DynamicGrassLite/Blueprints/InternalLogic/ExampleBallSpawner_BP.uasset" 477
"C:/GitHub/PeaceofTheAfterlifeProject/Content/DynamicGrassLite/Blueprints/InternalLogic/ExampleAI/ExampleAI_Task_RandomMovement_BP.uasset" 478
"C:/GitHub/PeaceofTheAfterlifeProject/Content/DynamicGrassLite/Blueprints/InternalLogic/ExampleAI/ExampleAI_Blackboard.uasset" 479
"C:/GitHub/PeaceofTheAfterlifeProject/Content/DynamicGrassLite/Blueprints/InternalLogic/ExampleAI/ExampleAI_BehaviorTree.uasset" 480
"C:/GitHub/PeaceofTheAfterlifeProject/Content/DynamicGrassLite/Blueprints/InternalLogic/ExampleAI/ExampleAIController_BP.uasset" 481
"C:/GitHub/PeaceofTheAfterlifeProject/Content/DynamicGrassLite/Blueprints/InternalLogic/ExampleAI/ExampleAI_Actor_BP.uasset" 482
"C:/GitHub/PeaceofTheAfterlifeProject/Content/DynamicGrassLite/Blueprints/InternalLogic/ExampleAISpawner_BP.uasset" 483
"C:/GitHub/PeaceofTheAfterlifeProject/Content/DynamicGrassLite/Textures/Foliage/wheatSingle1_T.uasset" 484
"C:/GitHub/PeaceofTheAfterlifeProject/Content/DynamicGrassLite/Materials/Grass/Grass5_M_Inst.uasset" 485
"C:/GitHub/PeaceofTheAfterlifeProject/Content/DynamicGrassLite/Meshes/wheatSingleMesh_SM.uasset" 486
"C:/GitHub/PeaceofTheAfterlifeProject/Content/DynamicGrassLite/Blueprints/FoliageTypes/WheatSingle1_Component_BP.uasset" 487
"C:/GitHub/PeaceofTheAfterlifeProject/Content/DynamicGrassLite/Blueprints/FoliageTypes/WheatSingle1_FoliageType.uasset" 488
"C:/GitHub/PeaceofTheAfterlifeProject/Content/DynamicGrassLite/Textures/Foliage/purplePlant1_Color_T.uasset" 489
"C:/GitHub/PeaceofTheAfterlifeProject/Content/DynamicGrassLite/Materials/Grass/Grass6_M_Inst.uasset" 490
"C:/GitHub/PeaceofTheAfterlifeProject/Content/DynamicGrassLite/Meshes/purplePlant1_SM.uasset" 491
"C:/GitHub/PeaceofTheAfterlifeProject/Content/DynamicGrassLite/Blueprints/FoliageTypes/PurplePlant1_Component_BP.uasset" 492
"C:/GitHub/PeaceofTheAfterlifeProject/Content/DynamicGrassLite/Blueprints/FoliageTypes/PurplePlant1_FoliageType.uasset" 493
"C:/GitHub/PeaceofTheAfterlifeProject/Content/DynamicGrassLite/Textures/Foliage/wheat1_Color_Dense2_T.uasset" 494
"C:/GitHub/PeaceofTheAfterlifeProject/Content/DynamicGrassLite/Materials/Grass/Grass4_M_Inst.uasset" 495
"C:/GitHub/PeaceofTheAfterlifeProject/Content/DynamicGrassLite/Materials/Grass/Grass4_FarLOD_M_Inst.uasset" 496
"C:/GitHub/PeaceofTheAfterlifeProject/Content/DynamicGrassLite/Meshes/wheatMesh1_SM.uasset" 497
"C:/GitHub/PeaceofTheAfterlifeProject/Content/DynamicGrassLite/Blueprints/FoliageTypes/Grass4_Component_BP.uasset" 498
"C:/GitHub/PeaceofTheAfterlifeProject/Content/DynamicGrassLite/Blueprints/FoliageTypes/Grass4_FoliageType.uasset" 499
"C:/GitHub/PeaceofTheAfterlifeProject/Content/DynamicGrassLite/Materials/Grass/Grass3_M_Inst.uasset" 500
"C:/GitHub/PeaceofTheAfterlifeProject/Content/DynamicGrassLite/Materials/Grass/Grass3_FarLOD_M_Inst.uasset" 501
"C:/GitHub/PeaceofTheAfterlifeProject/Content/DynamicGrassLite/Meshes/grassMesh3_SM.uasset" 502
"C:/GitHub/PeaceofTheAfterlifeProject/Content/DynamicGrassLite/Blueprints/FoliageTypes/Grass3_Component_BP.uasset" 503
"C:/GitHub/PeaceofTheAfterlifeProject/Content/DynamicGrassLite/Blueprints/FoliageTypes/Grass3_FoliageType.uasset" 504
"C:/GitHub/PeaceofTheAfterlifeProject/Content/DynamicGrassLite/Blueprints/FoliageTypes/Grass2_FoliageType.uasset" 505
"../../../Engine/Content/EngineMaterials/WeightMapPlaceholderTexture.uasset" 506
"C:/GitHub/PeaceofTheAfterlifeProject/Content/DynamicGrassLite/Maps/DemoMap.umap" 507
"C:/GitHub/PeaceofTheAfterlifeProject/Content/DynamicGrassLite/Blueprints/GrassSpawnAreas/GrassSpawnBlockingSphere_BP.uasset" 508
"C:/GitHub/PeaceofTheAfterlifeProject/Content/DynamicGrassLite/Blueprints/GrassSpawnAreas/GrassSpawnBlockingBox_BP.uasset" 509
"C:/GitHub/PeaceofTheAfterlifeProject/Content/DynamicGrassLite/Blueprints/GrassSpawnAreas/GrassSpawnArea_8VertPreset_BP.uasset" 510
"C:/GitHub/PeaceofTheAfterlifeProject/Content/DynamicGrassLite/Blueprints/GrassSpawnAreas/GrassSpawnArea_18VertPreset_BP.uasset" 511
"C:/GitHub/PeaceofTheAfterlifeProject/Content/DynamicGrassLite/Blueprints/GrassSpawnAreas/GrassSpawnArea_12VertPreset_BP.uasset" 512
"C:/GitHub/PeaceofTheAfterlifeProject/Content/DynamicGrassLite/Textures/Foliage/Grass1_Dense2_T.uasset" 513
"C:/GitHub/PeaceofTheAfterlifeProject/Content/DynamicGrassLite/Materials/Grass/Grass1_M_Inst.uasset" 514
"C:/GitHub/PeaceofTheAfterlifeProject/Content/DynamicGrassLite/Meshes/grassMesh1_SM.uasset" 515
"C:/GitHub/PeaceofTheAfterlifeProject/Content/DynamicGrassLite/Blueprints/FoliageTypes/Grass1_Component_BP.uasset" 516
"C:/GitHub/PeaceofTheAfterlifeProject/Content/DynamicGrassLite/Maps/InGameGrassGeneration.umap" 517
"C:/GitHub/PeaceofTheAfterlifeProject/Content/DynamicGrassLite/Maps/StreamingLevels/LevelStreamingTest.umap" 518
"C:/GitHub/PeaceofTheAfterlifeProject/Content/DynamicGrassLite/Materials/SimpleGround/GroundGrass3_M_Inst.uasset" 519
"C:/GitHub/PeaceofTheAfterlifeProject/Content/DynamicGrassLite/Blueprints/FoliageTypes/Grass1_FoliageType.uasset" 520
"C:/GitHub/PeaceofTheAfterlifeProject/Content/DynamicGrassLite/Maps/StreamingLevels/StreamLevel1.umap" 521
"C:/GitHub/PeaceofTheAfterlifeProject/Content/DynamicGrassLite/Maps/StreamingLevels/StreamLevel2.umap" 522
"C:/GitHub/PeaceofTheAfterlifeProject/Content/PN_LowpolyGras/Textures/Grass_01/Grass_01_Brush_06_Vec.uasset" 523
"C:/GitHub/PeaceofTheAfterlifeProject/Content/PN_LowpolyGras/Textures/Grass_01/Grass_01_Brush_06_PIV.uasset" 524
"C:/GitHub/PeaceofTheAfterlifeProject/Content/PN_LowpolyGras/Materials/Grass_05/Grass_05_Brush_05_Mat.uasset" 525
"C:/GitHub/PeaceofTheAfterlifeProject/Content/PN_LowpolyGras/Meshes/Grass_05/grass_05_brush_05.uasset" 526
"C:/GitHub/PeaceofTheAfterlifeProject/Content/PN_LowpolyGras/FoliageTypes/Grass_05/Grass_05_Brush_05.uasset" 527
"C:/GitHub/PeaceofTheAfterlifeProject/Content/PN_LowpolyGras/Textures/Grass_05/grass_05_brush_04_Vec.uasset" 528
"C:/GitHub/PeaceofTheAfterlifeProject/Content/PN_LowpolyGras/Textures/Grass_05/grass_05_brush_04_PIV.uasset" 529
"C:/GitHub/PeaceofTheAfterlifeProject/Content/PN_LowpolyGras/Materials/Grass_05/Grass_05_Brush_04_Mat.uasset" 530
"C:/GitHub/PeaceofTheAfterlifeProject/Content/PN_LowpolyGras/Meshes/Grass_05/grass_05_brush_04.uasset" 531
"C:/GitHub/PeaceofTheAfterlifeProject/Content/PN_LowpolyGras/FoliageTypes/Grass_05/Grass_05_Brush_04.uasset" 532
"C:/GitHub/PeaceofTheAfterlifeProject/Content/PN_LowpolyGras/Textures/Grass_05/grass_05_brush_03_Vec.uasset" 533
"C:/GitHub/PeaceofTheAfterlifeProject/Content/PN_LowpolyGras/Textures/Grass_05/grass_05_brush_03_PIV.uasset" 534
"C:/GitHub/PeaceofTheAfterlifeProject/Content/PN_LowpolyGras/Materials/Grass_05/Grass_05_Brush_03_Mat.uasset" 535
"C:/GitHub/PeaceofTheAfterlifeProject/Content/PN_LowpolyGras/Meshes/Grass_05/grass_05_brush_03.uasset" 536
"C:/GitHub/PeaceofTheAfterlifeProject/Content/PN_LowpolyGras/FoliageTypes/Grass_05/Grass_05_Brush_03.uasset" 537
"C:/GitHub/PeaceofTheAfterlifeProject/Content/PN_LowpolyGras/Textures/Grass_05/grass_05_brush_02_Vec.uasset" 538
"C:/GitHub/PeaceofTheAfterlifeProject/Content/PN_LowpolyGras/Textures/Grass_05/grass_05_brush_02_PIV.uasset" 539
"C:/GitHub/PeaceofTheAfterlifeProject/Content/PN_LowpolyGras/Materials/Grass_05/Grass_05_Brush_02_Mat.uasset" 540
"C:/GitHub/PeaceofTheAfterlifeProject/Content/PN_LowpolyGras/Meshes/Grass_05/grass_05_brush_02.uasset" 541
"C:/GitHub/PeaceofTheAfterlifeProject/Content/PN_LowpolyGras/FoliageTypes/Grass_05/Grass_05_Brush_02.uasset" 542
"C:/GitHub/PeaceofTheAfterlifeProject/Content/PN_LowpolyGras/Textures/Grass_05/grass_05_brush_01_Vec.uasset" 543
"C:/GitHub/PeaceofTheAfterlifeProject/Content/PN_LowpolyGras/Textures/Grass_05/grass_05_brush_01_PIV.uasset" 544
"C:/GitHub/PeaceofTheAfterlifeProject/Content/PN_LowpolyGras/Materials/Grass_05/Grass_05_Brush_01_Mat.uasset" 545
"C:/GitHub/PeaceofTheAfterlifeProject/Content/PN_LowpolyGras/Meshes/Grass_05/grass_05_brush_01.uasset" 546
"C:/GitHub/PeaceofTheAfterlifeProject/Content/PN_LowpolyGras/FoliageTypes/Grass_05/Grass_05_Brush_01.uasset" 547
"C:/GitHub/PeaceofTheAfterlifeProject/Content/PN_LowpolyGras/Meshes/Grass_04/grass_04_single_03.uasset" 548
"C:/GitHub/PeaceofTheAfterlifeProject/Content/PN_LowpolyGras/FoliageTypes/Grass_04/Grass_04_Brush_05.uasset" 549
"C:/GitHub/PeaceofTheAfterlifeProject/Content/PN_LowpolyGras/Meshes/Grass_04/grass_04_single_02.uasset" 550
"C:/GitHub/PeaceofTheAfterlifeProject/Content/PN_LowpolyGras/FoliageTypes/Grass_04/Grass_04_Brush_04.uasset" 551
"C:/GitHub/PeaceofTheAfterlifeProject/Content/PN_LowpolyGras/Meshes/Grass_04/grass_04_single_01.uasset" 552
"C:/GitHub/PeaceofTheAfterlifeProject/Content/PN_LowpolyGras/FoliageTypes/Grass_04/Grass_04_Brush_03.uasset" 553
"C:/GitHub/PeaceofTheAfterlifeProject/Content/PN_LowpolyGras/Textures/Grass_04/grass_04_Brush_02_Vec.uasset" 554
"C:/GitHub/PeaceofTheAfterlifeProject/Content/PN_LowpolyGras/Textures/Grass_04/grass_04_Brush_02_PIV.uasset" 555
"C:/GitHub/PeaceofTheAfterlifeProject/Content/PN_LowpolyGras/Materials/Grass_04/Grass_04_Brush_02_Mat.uasset" 556
"C:/GitHub/PeaceofTheAfterlifeProject/Content/PN_LowpolyGras/Meshes/Grass_04/grass_04_Brush_02.uasset" 557
"C:/GitHub/PeaceofTheAfterlifeProject/Content/PN_LowpolyGras/FoliageTypes/Grass_04/Grass_04_Brush_02.uasset" 558
"C:/GitHub/PeaceofTheAfterlifeProject/Content/PN_LowpolyGras/Textures/Grass_04/grass_04_Brush_01_PIV.uasset" 559
"C:/GitHub/PeaceofTheAfterlifeProject/Content/PN_LowpolyGras/Textures/Grass_04/grass_04_Brush_01_Vec.uasset" 560
"C:/GitHub/PeaceofTheAfterlifeProject/Content/PN_LowpolyGras/Materials/Grass_04/Grass_04_Brush_01_Mat.uasset" 561
"C:/GitHub/PeaceofTheAfterlifeProject/Content/PN_LowpolyGras/Meshes/Grass_04/grass_04_Brush_01.uasset" 562
"C:/GitHub/PeaceofTheAfterlifeProject/Content/PN_LowpolyGras/FoliageTypes/Grass_04/Grass_04_Brush_01.uasset" 563
"C:/GitHub/PeaceofTheAfterlifeProject/Content/PN_LowpolyGras/Textures/Grass_03/grass_03_Brush_05_Vec.uasset" 564
"C:/GitHub/PeaceofTheAfterlifeProject/Content/PN_LowpolyGras/Textures/Grass_03/grass_03_Brush_05_PIV.uasset" 565
"C:/GitHub/PeaceofTheAfterlifeProject/Content/PN_LowpolyGras/Materials/Grass_03/Grass_03_Brush_05_Mat.uasset" 566
"C:/GitHub/PeaceofTheAfterlifeProject/Content/PN_LowpolyGras/Meshes/Grass_03/grass_03_Brush_05.uasset" 567
"C:/GitHub/PeaceofTheAfterlifeProject/Content/PN_LowpolyGras/FoliageTypes/Grass_03/Grass_03_Brush_05.uasset" 568
"C:/GitHub/PeaceofTheAfterlifeProject/Content/PN_LowpolyGras/Textures/Grass_03/grass_03_Brush_04_Vec.uasset" 569
"C:/GitHub/PeaceofTheAfterlifeProject/Content/PN_LowpolyGras/Textures/Grass_03/grass_03_Brush_04_PIV.uasset" 570
"C:/GitHub/PeaceofTheAfterlifeProject/Content/PN_LowpolyGras/Materials/Grass_03/Grass_03_Brush_04_Mat.uasset" 571
"C:/GitHub/PeaceofTheAfterlifeProject/Content/PN_LowpolyGras/Meshes/Grass_03/grass_03_Brush_04.uasset" 572
"C:/GitHub/PeaceofTheAfterlifeProject/Content/PN_LowpolyGras/FoliageTypes/Grass_03/Grass_03_Brush_04.uasset" 573
"C:/GitHub/PeaceofTheAfterlifeProject/Content/PN_LowpolyGras/Textures/Grass_03/grass_03_Brush_03_Vec.uasset" 574
"C:/GitHub/PeaceofTheAfterlifeProject/Content/PN_LowpolyGras/Textures/Grass_03/grass_03_Brush_03_PIV.uasset" 575
"C:/GitHub/PeaceofTheAfterlifeProject/Content/PN_LowpolyGras/Materials/Grass_03/Grass_03_Brush_03_Mat.uasset" 576
"C:/GitHub/PeaceofTheAfterlifeProject/Content/PN_LowpolyGras/Meshes/Grass_03/grass_03_Brush_03.uasset" 577
"C:/GitHub/PeaceofTheAfterlifeProject/Content/PN_LowpolyGras/FoliageTypes/Grass_03/Grass_03_Brush_03.uasset" 578
"C:/GitHub/PeaceofTheAfterlifeProject/Content/PN_LowpolyGras/Textures/Grass_03/grass_03_Brush_02_Vec.uasset" 579
"C:/GitHub/PeaceofTheAfterlifeProject/Content/PN_LowpolyGras/Textures/Grass_03/grass_03_Brush_02_PIV.uasset" 580
"C:/GitHub/PeaceofTheAfterlifeProject/Content/PN_LowpolyGras/Materials/Grass_03/Grass_03_Brush_02_Mat.uasset" 581
"C:/GitHub/PeaceofTheAfterlifeProject/Content/PN_LowpolyGras/Meshes/Grass_03/grass_03_Brush_02.uasset" 582
"C:/GitHub/PeaceofTheAfterlifeProject/Content/PN_LowpolyGras/FoliageTypes/Grass_03/Grass_03_Brush_02.uasset" 583
"C:/GitHub/PeaceofTheAfterlifeProject/Content/PN_LowpolyGras/Textures/Grass_03/grass_03_Brush_01_Vec.uasset" 584
"C:/GitHub/PeaceofTheAfterlifeProject/Content/PN_LowpolyGras/Textures/Grass_03/grass_03_Brush_01_PIV.uasset" 585
"C:/GitHub/PeaceofTheAfterlifeProject/Content/PN_LowpolyGras/Materials/Grass_03/Grass_03_Brush_01_Mat.uasset" 586
"C:/GitHub/PeaceofTheAfterlifeProject/Content/PN_LowpolyGras/Meshes/Grass_03/grass_03_Brush_01.uasset" 587
"C:/GitHub/PeaceofTheAfterlifeProject/Content/PN_LowpolyGras/FoliageTypes/Grass_03/Grass_03_Brush_01.uasset" 588
"C:/GitHub/PeaceofTheAfterlifeProject/Content/PN_LowpolyGras/Textures/Grass_02/grass_02_Brush_06_Vec.uasset" 589
"C:/GitHub/PeaceofTheAfterlifeProject/Content/PN_LowpolyGras/Textures/Grass_02/grass_02_Brush_06_PIV.uasset" 590
"C:/GitHub/PeaceofTheAfterlifeProject/Content/PN_LowpolyGras/Materials/Grass_02/Grass_02_Brush_06_Mat.uasset" 591
"C:/GitHub/PeaceofTheAfterlifeProject/Content/PN_LowpolyGras/Meshes/Grass_02/grass_02_Brush_06.uasset" 592
"C:/GitHub/PeaceofTheAfterlifeProject/Content/PN_LowpolyGras/FoliageTypes/Grass_02/Grass_02_Brush_06.uasset" 593
"C:/GitHub/PeaceofTheAfterlifeProject/Content/PN_LowpolyGras/Textures/Grass_02/grass_02_Brush_05_Vec.uasset" 594
"C:/GitHub/PeaceofTheAfterlifeProject/Content/PN_LowpolyGras/Textures/Grass_02/grass_02_Brush_05_PIV.uasset" 595
"C:/GitHub/PeaceofTheAfterlifeProject/Content/PN_LowpolyGras/Materials/Grass_02/Grass_02_Brush_05_Mat.uasset" 596
"C:/GitHub/PeaceofTheAfterlifeProject/Content/PN_LowpolyGras/Meshes/Grass_02/grass_02_Brush_05.uasset" 597
"C:/GitHub/PeaceofTheAfterlifeProject/Content/PN_LowpolyGras/FoliageTypes/Grass_02/Grass_02_Brush_05.uasset" 598
"C:/GitHub/PeaceofTheAfterlifeProject/Content/PN_LowpolyGras/Textures/Grass_02/grass_02_Brush_04_Vec.uasset" 599
"C:/GitHub/PeaceofTheAfterlifeProject/Content/PN_LowpolyGras/Textures/Grass_02/grass_02_Brush_04_PIV.uasset" 600
"C:/GitHub/PeaceofTheAfterlifeProject/Content/PN_LowpolyGras/Materials/Grass_02/Grass_02_Brush_04_Mat.uasset" 601
"C:/GitHub/PeaceofTheAfterlifeProject/Content/PN_LowpolyGras/Meshes/Grass_02/grass_02_Brush_04.uasset" 602
"C:/GitHub/PeaceofTheAfterlifeProject/Content/PN_LowpolyGras/FoliageTypes/Grass_02/Grass_02_Brush_04.uasset" 603
"C:/GitHub/PeaceofTheAfterlifeProject/Content/PN_LowpolyGras/Textures/Grass_02/grass_02_Brush_03_Vec.uasset" 604
"C:/GitHub/PeaceofTheAfterlifeProject/Content/PN_LowpolyGras/Textures/Grass_02/grass_02_Brush_03_PIV.uasset" 605
"C:/GitHub/PeaceofTheAfterlifeProject/Content/PN_LowpolyGras/Materials/Grass_02/Grass_02_Brush_03_Mat.uasset" 606
"C:/GitHub/PeaceofTheAfterlifeProject/Content/PN_LowpolyGras/Meshes/Grass_02/grass_02_Brush_03.uasset" 607
"C:/GitHub/PeaceofTheAfterlifeProject/Content/PN_LowpolyGras/FoliageTypes/Grass_02/Grass_02_Brush_03.uasset" 608
"C:/GitHub/PeaceofTheAfterlifeProject/Content/PN_LowpolyGras/Textures/Grass_02/grass_02_Brush_02_Vec.uasset" 609
"C:/GitHub/PeaceofTheAfterlifeProject/Content/PN_LowpolyGras/Textures/Grass_02/grass_02_Brush_02_PIV.uasset" 610
"C:/GitHub/PeaceofTheAfterlifeProject/Content/PN_LowpolyGras/Materials/Grass_02/Grass_02_Brush_02_Mat.uasset" 611
"C:/GitHub/PeaceofTheAfterlifeProject/Content/PN_LowpolyGras/Meshes/Grass_02/grass_02_Brush_02.uasset" 612
"C:/GitHub/PeaceofTheAfterlifeProject/Content/PN_LowpolyGras/FoliageTypes/Grass_02/Grass_02_Brush_02.uasset" 613
"C:/GitHub/PeaceofTheAfterlifeProject/Content/PN_LowpolyGras/Textures/Grass_02/grass_02_Brush_01_Vec.uasset" 614
"C:/GitHub/PeaceofTheAfterlifeProject/Content/PN_LowpolyGras/Textures/Grass_02/grass_02_Brush_01_PIV.uasset" 615
"C:/GitHub/PeaceofTheAfterlifeProject/Content/PN_LowpolyGras/Materials/Grass_02/Grass_02_Brush_01_Mat.uasset" 616
"C:/GitHub/PeaceofTheAfterlifeProject/Content/PN_LowpolyGras/Meshes/Grass_02/grass_02_Brush_01.uasset" 617
"C:/GitHub/PeaceofTheAfterlifeProject/Content/PN_LowpolyGras/FoliageTypes/Grass_02/Grass_02_Brush_01.uasset" 618
"C:/GitHub/PeaceofTheAfterlifeProject/Content/PN_LowpolyGras/Materials/Grass_01/Grass_01_Brush_06_Mat.uasset" 619
"C:/GitHub/PeaceofTheAfterlifeProject/Content/PN_LowpolyGras/Meshes/Grass_01/grass_01_Brush_06.uasset" 620
"C:/GitHub/PeaceofTheAfterlifeProject/Content/PN_LowpolyGras/FoliageTypes/Grass_01/Grass_01_Brush_06.uasset" 621
"C:/GitHub/PeaceofTheAfterlifeProject/Content/PN_LowpolyGras/Meshes/Grass_01/grass_01_Brush_05.uasset" 622
"C:/GitHub/PeaceofTheAfterlifeProject/Content/PN_LowpolyGras/FoliageTypes/Grass_01/Grass_01_Brush_05.uasset" 623
"C:/GitHub/PeaceofTheAfterlifeProject/Content/PN_LowpolyGras/Textures/Grass_01/Grass_01_Brush_04_Vec.uasset" 624
"C:/GitHub/PeaceofTheAfterlifeProject/Content/PN_LowpolyGras/Textures/Grass_01/Grass_01_Brush_04_PIV.uasset" 625
"C:/GitHub/PeaceofTheAfterlifeProject/Content/PN_LowpolyGras/Materials/Grass_01/Grass_01_Brush_04_Mat.uasset" 626
"C:/GitHub/PeaceofTheAfterlifeProject/Content/PN_LowpolyGras/Meshes/Grass_01/grass_01_Brush_04.uasset" 627
"C:/GitHub/PeaceofTheAfterlifeProject/Content/PN_LowpolyGras/FoliageTypes/Grass_01/Grass_01_Brush_04.uasset" 628
"C:/GitHub/PeaceofTheAfterlifeProject/Content/PN_LowpolyGras/Textures/Grass_01/Grass_01_Brush_03_Vec.uasset" 629
"C:/GitHub/PeaceofTheAfterlifeProject/Content/PN_LowpolyGras/Textures/Grass_01/Grass_01_Brush_03_PIV.uasset" 630
"C:/GitHub/PeaceofTheAfterlifeProject/Content/PN_LowpolyGras/Materials/Grass_01/Grass_01_Brush_03_Mat.uasset" 631
"C:/GitHub/PeaceofTheAfterlifeProject/Content/PN_LowpolyGras/Meshes/Grass_01/grass_01_Brush_03.uasset" 632
"C:/GitHub/PeaceofTheAfterlifeProject/Content/PN_LowpolyGras/FoliageTypes/Grass_01/Grass_01_Brush_03.uasset" 633
"C:/GitHub/PeaceofTheAfterlifeProject/Content/PN_LowpolyGras/Textures/Grass_01/Grass_01_Brush_02_Vec.uasset" 634
"C:/GitHub/PeaceofTheAfterlifeProject/Content/PN_LowpolyGras/Textures/Grass_01/Grass_01_Brush_02_PIV.uasset" 635
"C:/GitHub/PeaceofTheAfterlifeProject/Content/PN_LowpolyGras/Materials/Grass_01/Grass_01_Brush_02_Mat.uasset" 636
"C:/GitHub/PeaceofTheAfterlifeProject/Content/PN_LowpolyGras/Meshes/Grass_01/grass_01_Brush_02.uasset" 637
"C:/GitHub/PeaceofTheAfterlifeProject/Content/PN_LowpolyGras/FoliageTypes/Grass_01/Grass_01_Brush_02.uasset" 638
"C:/GitHub/PeaceofTheAfterlifeProject/Content/PN_LowpolyGras/Textures/Grass_01/Grass_01_Brush_01_Vec.uasset" 639
"C:/GitHub/PeaceofTheAfterlifeProject/Content/PN_LowpolyGras/Textures/Grass_01/Grass_01_Brush_01_PIV.uasset" 640
"C:/GitHub/PeaceofTheAfterlifeProject/Content/PN_LowpolyGras/Materials/Grass_01/Grass_01_Brush_01_Mat.uasset" 641
"C:/GitHub/PeaceofTheAfterlifeProject/Content/PN_LowpolyGras/Meshes/Grass_01/grass_01_Brush_01.uasset" 642
"C:/GitHub/PeaceofTheAfterlifeProject/Content/PN_LowpolyGras/FoliageTypes/Grass_01/Grass_01_Brush_01.uasset" 643
"C:/GitHub/PeaceofTheAfterlifeProject/Content/PN_LowpolyGras/Textures/Grass_05/grass_05_brush_05_Vec.uasset" 644
"C:/GitHub/PeaceofTheAfterlifeProject/Content/PN_LowpolyGras/Textures/Grass_05/grass_05_brush_05_PIV.uasset" 645
"C:/GitHub/PeaceofTheAfterlifeProject/Content/PN_LowpolyGras/ContentExamples/colorExamples/darkGreen_Mat.uasset" 646
"C:/GitHub/PeaceofTheAfterlifeProject/Content/PN_LowpolyGras/ContentExamples/colorExamples/darkGreen_Mesh.uasset" 647
"C:/GitHub/PeaceofTheAfterlifeProject/Content/PN_LowpolyGras/ContentExamples/colorExamples/darkGreen_Foilage.uasset" 648
"C:/GitHub/PeaceofTheAfterlifeProject/Content/PN_LowpolyGras/ContentExamples/colorExamples/darkBrown_Mat.uasset" 649
"C:/GitHub/PeaceofTheAfterlifeProject/Content/PN_LowpolyGras/ContentExamples/colorExamples/darkBrown_Mesh.uasset" 650
"C:/GitHub/PeaceofTheAfterlifeProject/Content/PN_LowpolyGras/ContentExamples/colorExamples/darkBrown_Foilage.uasset" 651
"C:/GitHub/PeaceofTheAfterlifeProject/Content/PN_LowpolyGras/ContentExamples/colorExamples/brightGreen_Mat.uasset" 652
"C:/GitHub/PeaceofTheAfterlifeProject/Content/PN_LowpolyGras/ContentExamples/colorExamples/brightGreen_Mesh.uasset" 653
"C:/GitHub/PeaceofTheAfterlifeProject/Content/PN_LowpolyGras/ContentExamples/colorExamples/brightGreen_Foilage.uasset" 654
"C:/GitHub/PeaceofTheAfterlifeProject/Content/PN_LowpolyGras/ContentExamples/colorExamples/brightBrown_Mat.uasset" 655
"C:/GitHub/PeaceofTheAfterlifeProject/Content/PN_LowpolyGras/ContentExamples/colorExamples/brightBrown_Mesh.uasset" 656
"C:/GitHub/PeaceofTheAfterlifeProject/Content/PN_LowpolyGras/ContentExamples/colorExamples/brightBrown_Foilage.uasset" 657
"C:/GitHub/PeaceofTheAfterlifeProject/Content/PN_LowpolyGras/Blueprints/PN_GlobalUpdater.uasset" 658
"C:/GitHub/PeaceofTheAfterlifeProject/Content/PN_LowpolyGras/Blueprints/CollisionBall.uasset" 659
"C:/GitHub/PeaceofTheAfterlifeProject/Content/PN_LowpolyGras/Map/Showcase_Scene.umap" 660
"../../../Engine/Content/MapTemplates/SM_Template_Map_Floor.uasset" 661
"C:/GitHub/PeaceofTheAfterlifeProject/Content/ThirdPersonBP/Maps/TestLevel_BuiltData.uasset" 662
"C:/GitHub/PeaceofTheAfterlifeProject/Content/ThirdPersonBP/Maps/TestLevel_sharedassets/LightGreen_LayerInfo.uasset" 663
"C:/GitHub/PeaceofTheAfterlifeProject/Content/ThirdPersonBP/Maps/TestLevel_sharedassets/Green_LayerInfo.uasset" 664
"C:/GitHub/PeaceofTheAfterlifeProject/Content/ThirdPersonBP/Maps/TestLevel_sharedassets/Dirt_Light_LayerInfo.uasset" 665
"C:/GitHub/PeaceofTheAfterlifeProject/Content/ThirdPersonBP/Maps/TestLevel_sharedassets/Dirt_Dark_LayerInfo.uasset" 666
"C:/GitHub/PeaceofTheAfterlifeProject/Content/ThirdPersonBP/Maps/TestLevel_sharedassets/DarkGreen_LayerInfo.uasset" 667
"C:/GitHub/PeaceofTheAfterlifeProject/Content/ThirdPersonBP/Maps/TestLevel_sharedassets/Blue_LayerInfo.uasset" 668
"C:/GitHub/PeaceofTheAfterlifeProject/Content/ThirdPersonBP/Blueprints/ThirdPersonGameMode.uasset" 669
"C:/GitHub/PeaceofTheAfterlifeProject/Content/DynamicGrassLite/Textures/Foliage/Bush1_Color_T.uasset" 670
"C:/GitHub/PeaceofTheAfterlifeProject/Content/DynamicGrassLite/Materials/Grass/Bush1_M_Inst.uasset" 671
"C:/GitHub/PeaceofTheAfterlifeProject/Content/DynamicGrassLite/Meshes/Bush1_SM.uasset" 672
"C:/GitHub/PeaceofTheAfterlifeProject/Content/DynamicGrassLite/Blueprints/FoliageTypes/Bush1_Component_BP.uasset" 673
"C:/GitHub/PeaceofTheAfterlifeProject/Content/DynamicGrassLite/Blueprints/FoliageTypes/Bush1_FoliageType.uasset" 674
"C:/GitHub/PeaceofTheAfterlifeProject/Content/Assets/Materials/Textures/Archway_aiAmbientOcclusion1_OcclusionRoughnessMetallic.uasset" 675
"C:/GitHub/PeaceofTheAfterlifeProject/Content/Assets/Materials/Textures/Archway_aiAmbientOcclusion1_Normal.uasset" 676
"C:/GitHub/PeaceofTheAfterlifeProject/Content/Assets/Materials/Textures/Archway_aiAmbientOcclusion1_BaseColor.uasset" 677
"C:/GitHub/PeaceofTheAfterlifeProject/Content/Assets/Materials/aiAmbientOcclusion1.uasset" 678
"C:/GitHub/PeaceofTheAfterlifeProject/Content/Assets/Meshes/Archway.uasset" 679
"C:/GitHub/PeaceofTheAfterlifeProject/Content/Assets/Meshes/ArchMid_aiAmbientOcclusion1_OcclusionRoughnessMetallic.uasset" 680
"C:/GitHub/PeaceofTheAfterlifeProject/Content/Assets/Meshes/ArchMid_aiAmbientOcclusion1_Normal.uasset" 681
"C:/GitHub/PeaceofTheAfterlifeProject/Content/Assets/Meshes/ArchMid_aiAmbientOcclusion1_BaseColor.uasset" 682
"C:/GitHub/PeaceofTheAfterlifeProject/Content/Assets/Materials/aiAmbientOcclusion2.uasset" 683
"C:/GitHub/PeaceofTheAfterlifeProject/Content/Assets/Meshes/ArchMid.uasset" 684
"C:/GitHub/PeaceofTheAfterlifeProject/Content/Assets/Materials/Textures/ArchLeft_aiAmbientOcclusion1_OcclusionRoughnessMetallic.uasset" 685
"C:/GitHub/PeaceofTheAfterlifeProject/Content/Assets/Materials/Textures/ArchLeft_aiAmbientOcclusion1_Normal.uasset" 686
"C:/GitHub/PeaceofTheAfterlifeProject/Content/Assets/Materials/Textures/ArchLeft_aiAmbientOcclusion1_BaseColor.uasset" 687
"C:/GitHub/PeaceofTheAfterlifeProject/Content/Assets/Materials/aiAmbientOcclusion3.uasset" 688
"C:/GitHub/PeaceofTheAfterlifeProject/Content/Assets/Meshes/ArchLeft.uasset" 689
"C:/GitHub/PeaceofTheAfterlifeProject/Content/Assets/Materials/Grass_M.uasset" 690
"C:/GitHub/PeaceofTheAfterlifeProject/Content/Assets/Materials/SpringBoard_M.uasset" 691
"C:/GitHub/PeaceofTheAfterlifeProject/Content/Assets/Blueprints/SpringPad_BP.uasset" 692
"C:/GitHub/PeaceofTheAfterlifeProject/Content/Assets/Blueprints/NPC_BP.uasset" 693
"C:/GitHub/PeaceofTheAfterlifeProject/Content/Assets/Widgets/PuzzleText.uasset" 694
"C:/GitHub/PeaceofTheAfterlifeProject/Content/Assets/Blueprints/Ring_BP.uasset" 695
"C:/GitHub/PeaceofTheAfterlifeProject/Content/Assets/Peace_of_the_Afterlife_game_concept_art.uasset" 696
"C:/GitHub/PeaceofTheAfterlifeProject/Content/Assets/Materials/Glass_M.uasset" 697
"C:/GitHub/PeaceofTheAfterlifeProject/Content/Assets/Blueprints/Memory_BP.uasset" 698
"C:/GitHub/PeaceofTheAfterlifeProject/Content/ThirdPersonBP/Maps/TestLevel.umap" 699
"C:/GitHub/PeaceofTheAfterlifeProject/Content/ThirdPersonBP/Maps/ThirdPersonExampleMap_BuiltData.uasset" 700
"C:/GitHub/PeaceofTheAfterlifeProject/Content/ThirdPersonBP/Blueprints/ThirdPersonCharacter.uasset" 701
"C:/GitHub/PeaceofTheAfterlifeProject/Content/ThirdPerson/Meshes/RampMaterial.uasset" 702
"C:/GitHub/PeaceofTheAfterlifeProject/Content/ThirdPerson/Meshes/RightArm_StaticMesh.uasset" 703
"C:/GitHub/PeaceofTheAfterlifeProject/Content/ThirdPerson/Meshes/Ramp_StaticMesh.uasset" 704
"C:/GitHub/PeaceofTheAfterlifeProject/Content/ThirdPerson/Meshes/Linear_Stair_StaticMesh.uasset" 705
"C:/GitHub/PeaceofTheAfterlifeProject/Content/ThirdPerson/Meshes/LeftArm_StaticMesh.uasset" 706
"C:/GitHub/PeaceofTheAfterlifeProject/Content/ThirdPerson/Meshes/Bump_StaticMesh.uasset" 707
"C:/GitHub/PeaceofTheAfterlifeProject/Content/Geometry/Meshes/CubeMaterial.uasset" 708
"C:/GitHub/PeaceofTheAfterlifeProject/Content/Geometry/Meshes/TemplateFloor.uasset" 709
"C:/GitHub/PeaceofTheAfterlifeProject/Content/Geometry/Meshes/1M_Cube_Chamfer.uasset" 710
"C:/GitHub/PeaceofTheAfterlifeProject/Content/Geometry/Meshes/1M_Cube.uasset" 711
"C:/GitHub/PeaceofTheAfterlifeProject/Content/ThirdPersonBP/Maps/ThirdPersonExampleMap.umap" 712
"../../../Engine/Content/Maps/Entry_BuiltData.uasset" 713
"../../../Engine/Content/Maps/Entry.umap" 714
